{"logTime": "1012/051416", "correlationVector":"kDlZZoMQUp/qIcjyzePY8K.25","action":"GetUpdates", "result":"DeleteReceived", "context":{"id":"d443e7d1-18fa-4fe7-93f0-4ccd7b85fa48", "isDeleted:":"true", "version":"1725333438824"}}
{"logTime": "1012/051416", "correlationVector":"kDlZZoMQUp/qIcjyzePY8K.26","action":"GetUpdates", "result":"DeleteReceived", "context":{"id":"49006127-8cfb-49fb-80ef-44adbebd1b27", "isDeleted:":"true", "version":"1725333438826"}}
{"logTime": "1012/051416", "correlationVector":"kDlZZoMQUp/qIcjyzePY8K.27","action":"GetUpdates", "result":"DeleteReceived", "context":{"id":"6d68ca6d-5239-4dc4-b143-07f2af39741a", "isDeleted:":"true", "version":"1725333438827"}}
{"logTime": "1012/051416", "correlationVector":"kDlZZoMQUp/qIcjyzePY8K.28","action":"GetUpdates", "result":"DeleteReceived", "context":{"id":"e379ca2c-2ae3-466a-8b2d-e5529e1e229c", "isDeleted:":"true", "version":"1725333438828"}}
{"logTime": "1012/051416", "correlationVector":"kDlZZoMQUp/qIcjyzePY8K.29","action":"GetUpdates", "result":"DeleteReceived", "context":{"id":"fef73037-2c2e-4249-add6-0bff0859946f", "isDeleted:":"true", "version":"1725341842208"}}
{"logTime": "1012/051416", "correlationVector":"kDlZZoMQUp/qIcjyzePY8K.30","action":"GetUpdates", "result":"DeleteReceived", "context":{"id":"69c86383-664c-4bd1-bc75-fef0a3680007", "isDeleted:":"true", "version":"1725367744332"}}
{"logTime": "1012/051416", "correlationVector":"kDlZZoMQUp/qIcjyzePY8K.31","action":"GetUpdates", "result":"DeleteReceived", "context":{"id":"577375e6-8770-4379-a639-84f4e871d6dd", "isDeleted:":"true", "version":"1725367744333"}}
{"logTime": "1012/051416", "correlationVector":"kDlZZoMQUp/qIcjyzePY8K.32","action":"GetUpdates", "result":"DeleteReceived", "context":{"id":"919c3482-4c7a-4fe7-b796-4436a4273dd1", "isDeleted:":"true", "version":"1725367744335"}}
{"logTime": "1012/051416", "correlationVector":"kDlZZoMQUp/qIcjyzePY8K.33","action":"GetUpdates", "result":"DeleteReceived", "context":{"id":"8937e563-0b52-41e8-99c7-ebc0061056a8", "isDeleted:":"true", "version":"1725367744336"}}
{"logTime": "1012/051416", "correlationVector":"kDlZZoMQUp/qIcjyzePY8K.34","action":"GetUpdates", "result":"DeleteReceived", "context":{"id":"3cd04d2c-1a21-4be5-b2cd-f5c026c4c184", "isDeleted:":"true", "version":"1725448562082"}}
{"logTime": "1012/051416", "correlationVector":"kDlZZoMQUp/qIcjyzePY8K.35","action":"GetUpdates", "result":"DeleteReceived", "context":{"id":"e4a3f009-b24c-410f-91f7-5f26381f031f", "isDeleted:":"true", "version":"1725448562083"}}
{"logTime": "1012/051416", "correlationVector":"kDlZZoMQUp/qIcjyzePY8K.36","action":"GetUpdates", "result":"DeleteReceived", "context":{"id":"025a886a-39df-45b6-bccd-c7047b472ec8", "isDeleted:":"true", "version":"1725448562085"}}
{"logTime": "1012/051416", "correlationVector":"kDlZZoMQUp/qIcjyzePY8K.37","action":"GetUpdates", "result":"DeleteReceived", "context":{"id":"8f9e2e27-ed80-4bd6-80c8-5ad00e9b14f9", "isDeleted:":"true", "version":"1725448562086"}}
{"logTime": "1012/051416", "correlationVector":"kDlZZoMQUp/qIcjyzePY8K.38","action":"GetUpdates", "result":"DeleteReceived", "context":{"id":"51447c4e-f2ee-4c31-947a-ead8b54c49f6", "isDeleted:":"true", "version":"1725456997104"}}
{"logTime": "1012/051416", "correlationVector":"kDlZZoMQUp/qIcjyzePY8K.39","action":"GetUpdates", "result":"DeleteReceived", "context":{"id":"de06a195-5937-4009-af27-0551e7a93fa6", "isDeleted:":"true", "version":"1725456997105"}}
{"logTime": "1012/051416", "correlationVector":"kDlZZoMQUp/qIcjyzePY8K.40","action":"GetUpdates", "result":"DeleteReceived", "context":{"id":"e0e14738-80e9-4a7e-a7a0-93214eef9010", "isDeleted:":"true", "version":"1725456997107"}}
{"logTime": "1012/051416", "correlationVector":"kDlZZoMQUp/qIcjyzePY8K.41","action":"GetUpdates", "result":"DeleteReceived", "context":{"id":"3c07272d-0419-4928-9e3a-bb9e0bf97365", "isDeleted:":"true", "version":"1725456997108"}}
{"logTime": "1012/051416", "correlationVector":"kDlZZoMQUp/qIcjyzePY8K.42","action":"GetUpdates", "result":"DeleteReceived", "context":{"id":"fe73e04f-3306-4175-8959-96f53b4fc377", "isDeleted:":"true", "version":"1725504190304"}}
{"logTime": "1012/051416", "correlationVector":"kDlZZoMQUp/qIcjyzePY8K.43","action":"GetUpdates", "result":"DeleteReceived", "context":{"id":"3c55fbf2-0b9a-40ec-b903-ddd89423c438", "isDeleted:":"true", "version":"1725541783465"}}
{"logTime": "1012/051416", "correlationVector":"kDlZZoMQUp/qIcjyzePY8K.44","action":"GetUpdates", "result":"DeleteReceived", "context":{"id":"562072f7-410b-4b10-9327-6045af7b6b40", "isDeleted:":"true", "version":"1725541783466"}}
{"logTime": "1012/051416", "correlationVector":"kDlZZoMQUp/qIcjyzePY8K.45","action":"GetUpdates", "result":"DeleteReceived", "context":{"id":"caa8f8a6-2844-4b48-9cc8-0a1d99bf4748", "isDeleted:":"true", "version":"1725541783467"}}
{"logTime": "1012/051416", "correlationVector":"kDlZZoMQUp/qIcjyzePY8K.46","action":"GetUpdates", "result":"DeleteReceived", "context":{"id":"5548634a-3cc8-4573-a508-75b369130d29", "isDeleted:":"true", "version":"1725541783469"}}
{"logTime": "1012/051416", "correlationVector":"kDlZZoMQUp/qIcjyzePY8K.47","action":"GetUpdates", "result":"DeleteReceived", "context":{"id":"fdcaad9a-256d-496b-9dbc-3f5e61aedfed", "isDeleted:":"true", "version":"1725541783470"}}
{"logTime": "1012/051416", "correlationVector":"kDlZZoMQUp/qIcjyzePY8K.48","action":"GetUpdates", "result":"DeleteReceived", "context":{"id":"ea0fd3bc-1716-4707-af65-b6fc24e192bf", "isDeleted:":"true", "version":"1725541783471"}}
{"logTime": "1012/051416", "correlationVector":"kDlZZoMQUp/qIcjyzePY8K.49","action":"GetUpdates", "result":"DeleteReceived", "context":{"id":"e9ad4549-2225-47b8-8026-c8302ec97c98", "isDeleted:":"true", "version":"1725541783472"}}
{"logTime": "1012/051416", "correlationVector":"kDlZZoMQUp/qIcjyzePY8K.50","action":"GetUpdates", "result":"DeleteReceived", "context":{"id":"d74d8e09-52cc-4fd7-8005-ead0e9d946d7", "isDeleted:":"true", "version":"1725549352674"}}
{"logTime": "1012/051416", "correlationVector":"kDlZZoMQUp/qIcjyzePY8K.51","action":"GetUpdates", "result":"DeleteReceived", "context":{"id":"146b6160-666d-48c3-a108-953cbde2925d", "isDeleted:":"true", "version":"1725549352677"}}
{"logTime": "1012/051416", "correlationVector":"kDlZZoMQUp/qIcjyzePY8K.52","action":"GetUpdates", "result":"DeleteReceived", "context":{"id":"015c707a-9dd3-4fb1-9e35-715eca046870", "isDeleted:":"true", "version":"1725589154558"}}
{"logTime": "1012/051416", "correlationVector":"kDlZZoMQUp/qIcjyzePY8K.53","action":"GetUpdates", "result":"DeleteReceived", "context":{"id":"f008e6b2-4ef5-4fb8-96c5-8b7b7999d860", "isDeleted:":"true", "version":"1725590955872"}}
{"logTime": "1012/051416", "correlationVector":"kDlZZoMQUp/qIcjyzePY8K.54","action":"GetUpdates", "result":"DeleteReceived", "context":{"id":"2407ebf7-fda3-4fb2-a18b-f9469b8a8692", "isDeleted:":"true", "version":"1725628525198"}}
{"logTime": "1012/051416", "correlationVector":"kDlZZoMQUp/qIcjyzePY8K.55","action":"GetUpdates", "result":"DeleteReceived", "context":{"id":"59b27414-88b8-470e-999a-31b513a1e8b0", "isDeleted:":"true", "version":"1725628525200"}}
{"logTime": "1012/051416", "correlationVector":"kDlZZoMQUp/qIcjyzePY8K.56","action":"GetUpdates", "result":"DeleteReceived", "context":{"id":"276ae1a4-66c1-4b98-9d42-71d15ca552ec", "isDeleted:":"true", "version":"1725632977157"}}
{"logTime": "1012/051416", "correlationVector":"kDlZZoMQUp/qIcjyzePY8K.57","action":"GetUpdates", "result":"DeleteReceived", "context":{"id":"c6e68dcd-5cc3-4c8c-af83-0838ad57e7d9", "isDeleted:":"true", "version":"1725632977158"}}
{"logTime": "1012/051416", "correlationVector":"kDlZZoMQUp/qIcjyzePY8K.58","action":"GetUpdates", "result":"DeleteReceived", "context":{"id":"1f8ca9f2-19bb-4164-b3e4-278bdc8cab0e", "isDeleted:":"true", "version":"1725632977160"}}
{"logTime": "1012/051416", "correlationVector":"kDlZZoMQUp/qIcjyzePY8K.59","action":"GetUpdates", "result":"DeleteReceived", "context":{"id":"9e89df5b-a90f-4b02-bca6-86b1b86e7cb5", "isDeleted:":"true", "version":"1725706802924"}}
{"logTime": "1012/051416", "correlationVector":"kDlZZoMQUp/qIcjyzePY8K.60","action":"GetUpdates", "result":"DeleteReceived", "context":{"id":"9adf65e7-edaf-41d7-bd25-9b0a676a846d", "isDeleted:":"true", "version":"1725706802925"}}
{"logTime": "1012/051416", "correlationVector":"kDlZZoMQUp/qIcjyzePY8K.61","action":"GetUpdates", "result":"DeleteReceived", "context":{"id":"8a5e2b8a-cfd7-4db1-9c69-3d330a9b0b6e", "isDeleted:":"true", "version":"1725707461777"}}
{"logTime": "1012/051416", "correlationVector":"kDlZZoMQUp/qIcjyzePY8K.62","action":"GetUpdates", "result":"DeleteReceived", "context":{"id":"e4d71c13-858a-40c4-88d3-16e627d515b2", "isDeleted:":"true", "version":"1725785394306"}}
{"logTime": "1012/051416", "correlationVector":"kDlZZoMQUp/qIcjyzePY8K.63","action":"GetUpdates", "result":"DeleteReceived", "context":{"id":"9be57f1f-f3fa-436d-885a-b6c1b8d35177", "isDeleted:":"true", "version":"1725785394307"}}
{"logTime": "1012/051416", "correlationVector":"kDlZZoMQUp/qIcjyzePY8K.64","action":"GetUpdates", "result":"DeleteReceived", "context":{"id":"dc685cd8-8d2a-437a-848f-3410f63aabeb", "isDeleted:":"true", "version":"1725785394309"}}
{"logTime": "1012/051416", "correlationVector":"kDlZZoMQUp/qIcjyzePY8K.65","action":"GetUpdates", "result":"DeleteReceived", "context":{"id":"e18817ca-6ea1-4902-bebf-16dc4df5a725", "isDeleted:":"true", "version":"1725785394310"}}
{"logTime": "1012/051416", "correlationVector":"kDlZZoMQUp/qIcjyzePY8K.66","action":"GetUpdates", "result":"DeleteReceived", "context":{"id":"8b461576-b38a-4060-b86f-65058125f693", "isDeleted:":"true", "version":"1725787098598"}}
{"logTime": "1012/051416", "correlationVector":"kDlZZoMQUp/qIcjyzePY8K.67","action":"GetUpdates", "result":"DeleteReceived", "context":{"id":"0702a3bc-1877-40e5-9fd0-150277ae9960", "isDeleted:":"true", "version":"1725877277883"}}
{"logTime": "1012/051416", "correlationVector":"kDlZZoMQUp/qIcjyzePY8K.68","action":"GetUpdates", "result":"DeleteReceived", "context":{"id":"0554b0e8-72e7-48a4-a230-1263d0ad5ffc", "isDeleted:":"true", "version":"1725877277884"}}
{"logTime": "1012/051416", "correlationVector":"kDlZZoMQUp/qIcjyzePY8K.69","action":"GetUpdates", "result":"DeleteReceived", "context":{"id":"fe8b2af2-4866-4c26-8823-1d541725bdc3", "isDeleted:":"true", "version":"1725877277886"}}
{"logTime": "1012/051416", "correlationVector":"kDlZZoMQUp/qIcjyzePY8K.70","action":"GetUpdates", "result":"DeleteReceived", "context":{"id":"0207f0f2-cd75-4f36-a837-202e9caa69c6", "isDeleted:":"true", "version":"1725877277887"}}
{"logTime": "1012/051416", "correlationVector":"kDlZZoMQUp/qIcjyzePY8K.71","action":"GetUpdates", "result":"DeleteReceived", "context":{"id":"310eff10-33c4-45da-9043-aa41dfbe4095", "isDeleted:":"true", "version":"1725877277888"}}
{"logTime": "1012/051416", "correlationVector":"kDlZZoMQUp/qIcjyzePY8K.72","action":"GetUpdates", "result":"DeleteReceived", "context":{"id":"c9744726-7415-4b87-8aac-fef52213ccd8", "isDeleted:":"true", "version":"1725882510618"}}
{"logTime": "1012/051416", "correlationVector":"kDlZZoMQUp/qIcjyzePY8K.73","action":"GetUpdates", "result":"DeleteReceived", "context":{"id":"829ea91b-2028-4885-89af-1bfd9b4ab160", "isDeleted:":"true", "version":"1725973635218"}}
{"logTime": "1012/051416", "correlationVector":"kDlZZoMQUp/qIcjyzePY8K.74","action":"GetUpdates", "result":"DeleteReceived", "context":{"id":"173c1b3e-d0ab-42c7-9c2c-0a17cdda68d5", "isDeleted:":"true", "version":"1725973635219"}}
{"logTime": "1012/051416", "correlationVector":"kDlZZoMQUp/qIcjyzePY8K.75","action":"GetUpdates", "result":"DeleteReceived", "context":{"id":"a1c69bc0-7f33-42e0-bb7b-fcf6c9ba638e", "isDeleted:":"true", "version":"1725973635221"}}
{"logTime": "1012/051416", "correlationVector":"kDlZZoMQUp/qIcjyzePY8K.76","action":"GetUpdates", "result":"DeleteReceived", "context":{"id":"518ff729-a453-4330-bf6d-2422ce4c0670", "isDeleted:":"true", "version":"1725973635222"}}
{"logTime": "1012/051416", "correlationVector":"kDlZZoMQUp/qIcjyzePY8K.77","action":"GetUpdates", "result":"DeleteReceived", "context":{"id":"8d34a015-9804-47cb-a2d2-78dd8468e932", "isDeleted:":"true", "version":"1726015805068"}}
{"logTime": "1012/051416", "correlationVector":"kDlZZoMQUp/qIcjyzePY8K.78","action":"GetUpdates", "result":"DeleteReceived", "context":{"id":"bda1b2c1-4af1-4580-ac14-e58450895423", "isDeleted:":"true", "version":"1726015805069"}}
{"logTime": "1012/051416", "correlationVector":"kDlZZoMQUp/qIcjyzePY8K.79","action":"GetUpdates", "result":"DeleteReceived", "context":{"id":"ee7b1408-1154-4512-b13d-56c17e1e8f86", "isDeleted:":"true", "version":"1726015805071"}}
{"logTime": "1012/051416", "correlationVector":"kDlZZoMQUp/qIcjyzePY8K.80","action":"GetUpdates", "result":"DeleteReceived", "context":{"id":"433fb35f-cd44-4e75-898c-7e6179cc25fb", "isDeleted:":"true", "version":"1726015805072"}}
{"logTime": "1012/051416", "correlationVector":"kDlZZoMQUp/qIcjyzePY8K.81","action":"GetUpdates", "result":"DeleteReceived", "context":{"id":"cbbf1562-c919-45e3-a3e4-9eda4e9b613d", "isDeleted:":"true", "version":"1726051892993"}}
{"logTime": "1012/051416", "correlationVector":"kDlZZoMQUp/qIcjyzePY8K.82","action":"GetUpdates", "result":"DeleteReceived", "context":{"id":"28bd9595-1e07-45da-9a9d-b41e93fa0793", "isDeleted:":"true", "version":"1726051892994"}}
{"logTime": "1012/051416", "correlationVector":"kDlZZoMQUp/qIcjyzePY8K.83","action":"GetUpdates", "result":"DeleteReceived", "context":{"id":"233a3089-4f38-4826-8347-3794f7a70788", "isDeleted:":"true", "version":"1726051892995"}}
{"logTime": "1012/051416", "correlationVector":"kDlZZoMQUp/qIcjyzePY8K.84","action":"GetUpdates", "result":"DeleteReceived", "context":{"id":"cd0767fc-1e3b-41e7-b103-2adc38f2a2e7", "isDeleted:":"true", "version":"1726051892996"}}
{"logTime": "1012/051416", "correlationVector":"kDlZZoMQUp/qIcjyzePY8K.85","action":"GetUpdates", "result":"DeleteReceived", "context":{"id":"41846531-8c1b-4de6-94ea-cf1cd2c32a59", "isDeleted:":"true", "version":"1726051892998"}}
{"logTime": "1012/051416", "correlationVector":"kDlZZoMQUp/qIcjyzePY8K.86","action":"GetUpdates", "result":"DeleteReceived", "context":{"id":"1d95ea06-6fb1-47f7-a89d-4190f59b6ca3", "isDeleted:":"true", "version":"1726051892999"}}
{"logTime": "1012/051416", "correlationVector":"kDlZZoMQUp/qIcjyzePY8K.87","action":"GetUpdates", "result":"DeleteReceived", "context":{"id":"a5594c93-1ca6-498a-a1d0-28a6fb519a77", "isDeleted:":"true", "version":"1726051893000"}}
{"logTime": "1012/051416", "correlationVector":"kDlZZoMQUp/qIcjyzePY8K.88","action":"GetUpdates", "result":"DeleteReceived", "context":{"id":"6f345617-0ffe-4d65-882b-4aaee5017a61", "isDeleted:":"true", "version":"1726051893001"}}
{"logTime": "1012/051416", "correlationVector":"kDlZZoMQUp/qIcjyzePY8K.89","action":"GetUpdates", "result":"DeleteReceived", "context":{"id":"6fb899f5-ff33-4245-bf05-9e1bea766721", "isDeleted:":"true", "version":"1726051893002"}}
{"logTime": "1012/051416", "correlationVector":"kDlZZoMQUp/qIcjyzePY8K.90","action":"GetUpdates", "result":"DeleteReceived", "context":{"id":"767b24c0-d8d1-4882-a851-c77f2c752ff4", "isDeleted:":"true", "version":"1726054124719"}}
{"logTime": "1012/051416", "correlationVector":"kDlZZoMQUp/qIcjyzePY8K.91","action":"GetUpdates", "result":"DeleteReceived", "context":{"id":"d083157f-1303-424a-981e-43745c4154b9", "isDeleted:":"true", "version":"1726054269107"}}
{"logTime": "1012/051416", "correlationVector":"kDlZZoMQUp/qIcjyzePY8K.92","action":"GetUpdates", "result":"DeleteReceived", "context":{"id":"912f5a09-0989-48e9-8dae-6101c43f1f97", "isDeleted:":"true", "version":"1726054269108"}}
{"logTime": "1012/051416", "correlationVector":"kDlZZoMQUp/qIcjyzePY8K.93","action":"GetUpdates", "result":"DeleteReceived", "context":{"id":"3262415f-0e97-4fe6-8381-1e6d58c85fd3", "isDeleted:":"true", "version":"1726054269109"}}
{"logTime": "1012/051416", "correlationVector":"kDlZZoMQUp/qIcjyzePY8K.94","action":"GetUpdates", "result":"DeleteReceived", "context":{"id":"3bbcf8ba-997a-4b7a-915a-623be849618e", "isDeleted:":"true", "version":"1726054284290"}}
{"logTime": "1012/051416", "correlationVector":"kDlZZoMQUp/qIcjyzePY8K.95","action":"GetUpdates", "result":"DeleteReceived", "context":{"id":"18898bf2-5d4f-45c1-9a72-d89c6113fbcb", "isDeleted:":"true", "version":"1726056194605"}}
{"logTime": "1012/051416", "correlationVector":"kDlZZoMQUp/qIcjyzePY8K.96","action":"GetUpdates", "result":"DeleteReceived", "context":{"id":"e6f4af19-c4e7-4050-9986-e5cdaa9d809d", "isDeleted:":"true", "version":"1726056194606"}}
{"logTime": "1012/051416", "correlationVector":"kDlZZoMQUp/qIcjyzePY8K.97","action":"GetUpdates", "result":"DeleteReceived", "context":{"id":"f45d5a46-43d4-49ec-839b-2a37049bd3ac", "isDeleted:":"true", "version":"1726056194608"}}
{"logTime": "1012/051416", "correlationVector":"kDlZZoMQUp/qIcjyzePY8K.98","action":"GetUpdates", "result":"DeleteReceived", "context":{"id":"782ace08-8363-4181-b831-61a958ed2b18", "isDeleted:":"true", "version":"1726056528981"}}
{"logTime": "1012/051416", "correlationVector":"kDlZZoMQUp/qIcjyzePY8K.99","action":"GetUpdates", "result":"DeleteReceived", "context":{"id":"e1957e74-415f-4540-a9ec-7384f6227aa1", "isDeleted:":"true", "version":"1726056528983"}}
{"logTime": "1012/051416", "correlationVector":"kDlZZoMQUp/qIcjyzePY8K.100","action":"GetUpdates", "result":"DeleteReceived", "context":{"id":"f84570d6-4922-499f-ba11-d1646f2e096e", "isDeleted:":"true", "version":"1726059657897"}}
{"logTime": "1012/051416", "correlationVector":"kDlZZoMQUp/qIcjyzePY8K.101","action":"GetUpdates", "result":"DeleteReceived", "context":{"id":"cee7c44e-da81-49ab-a9f7-6d8ed037052b", "isDeleted:":"true", "version":"1726061642142"}}
{"logTime": "1012/051416", "correlationVector":"kDlZZoMQUp/qIcjyzePY8K.102","action":"GetUpdates", "result":"DeleteReceived", "context":{"id":"44c99852-03f8-48b9-9a0f-a738a10b4629", "isDeleted:":"true", "version":"1726061642143"}}
{"logTime": "1012/051416", "correlationVector":"kDlZZoMQUp/qIcjyzePY8K.103","action":"GetUpdates", "result":"DeleteReceived", "context":{"id":"d164c77d-96e8-4abe-98d4-e17e34c08197", "isDeleted:":"true", "version":"1726139990868"}}
{"logTime": "1012/051416", "correlationVector":"kDlZZoMQUp/qIcjyzePY8K.104","action":"GetUpdates", "result":"DeleteReceived", "context":{"id":"dd8d4e6e-511b-493f-918a-6c1dae8c7909", "isDeleted:":"true", "version":"1726139990869"}}
{"logTime": "1012/051416", "correlationVector":"kDlZZoMQUp/qIcjyzePY8K.105","action":"GetUpdates", "result":"DeleteReceived", "context":{"id":"51979030-4de2-4cec-b756-0edda9bc0365", "isDeleted:":"true", "version":"1726139990870"}}
{"logTime": "1012/051416", "correlationVector":"kDlZZoMQUp/qIcjyzePY8K.106","action":"GetUpdates", "result":"DeleteReceived", "context":{"id":"99e28c89-3dfb-42bc-b91a-6335d6081723", "isDeleted:":"true", "version":"1726139990872"}}
{"logTime": "1012/051416", "correlationVector":"kDlZZoMQUp/qIcjyzePY8K.107","action":"GetUpdates", "result":"DeleteReceived", "context":{"id":"fb57158c-7875-4d26-a7b4-7fc9df84d4be", "isDeleted:":"true", "version":"1726139990873"}}
{"logTime": "1012/051416", "correlationVector":"kDlZZoMQUp/qIcjyzePY8K.108","action":"GetUpdates", "result":"DeleteReceived", "context":{"id":"cdf2afd8-9d10-4553-a294-c2cdaa769397", "isDeleted:":"true", "version":"1726139990874"}}
{"logTime": "1012/051416", "correlationVector":"kDlZZoMQUp/qIcjyzePY8K.109","action":"GetUpdates", "result":"DeleteReceived", "context":{"id":"00b27814-ea7d-46b2-bd30-3f8bfd517fb2", "isDeleted:":"true", "version":"1726145677420"}}
{"logTime": "1012/051416", "correlationVector":"kDlZZoMQUp/qIcjyzePY8K.110","action":"GetUpdates", "result":"DeleteReceived", "context":{"id":"c849a16d-1298-44f2-9c06-c412e8c59860", "isDeleted:":"true", "version":"1726216057723"}}
{"logTime": "1012/051416", "correlationVector":"kDlZZoMQUp/qIcjyzePY8K.111","action":"GetUpdates", "result":"DeleteReceived", "context":{"id":"7fd0f0ac-6415-4119-a56c-83a31e9c2295", "isDeleted:":"true", "version":"1726216057724"}}
{"logTime": "1012/051416", "correlationVector":"kDlZZoMQUp/qIcjyzePY8K.112","action":"GetUpdates", "result":"DeleteReceived", "context":{"id":"4ec79658-392a-441f-a2b6-75a7cd118c0a", "isDeleted:":"true", "version":"1726216057726"}}
{"logTime": "1012/051416", "correlationVector":"kDlZZoMQUp/qIcjyzePY8K.113","action":"GetUpdates", "result":"DeleteReceived", "context":{"id":"779f86e0-5377-4042-ad5a-2a2310d51b28", "isDeleted:":"true", "version":"1726216057727"}}
{"logTime": "1012/051416", "correlationVector":"kDlZZoMQUp/qIcjyzePY8K.114","action":"GetUpdates", "result":"DeleteReceived", "context":{"id":"95282b92-e305-4c93-b451-02c9a7dda63a", "isDeleted:":"true", "version":"1726221128296"}}
{"logTime": "1012/051416", "correlationVector":"kDlZZoMQUp/qIcjyzePY8K.115","action":"GetUpdates", "result":"DeleteReceived", "context":{"id":"7434a66c-49b8-4b98-b111-242c5ef668a7", "isDeleted:":"true", "version":"1726222429271"}}
{"logTime": "1012/051416", "correlationVector":"kDlZZoMQUp/qIcjyzePY8K.116","action":"GetUpdates", "result":"DeleteReceived", "context":{"id":"de3b7b12-0e1b-40f2-9c51-336ef1f7ceae", "isDeleted:":"true", "version":"1726226920278"}}
{"logTime": "1012/051416", "correlationVector":"kDlZZoMQUp/qIcjyzePY8K.117","action":"GetUpdates", "result":"DeleteReceived", "context":{"id":"40220b32-8ba3-4c8c-b9bc-9ac3a1f86ad9", "isDeleted:":"true", "version":"1726239042508"}}
{"logTime": "1012/051416", "correlationVector":"kDlZZoMQUp/qIcjyzePY8K.118","action":"GetUpdates", "result":"DeleteReceived", "context":{"id":"50ca3464-e089-4aec-acd8-6ef1c183eadf", "isDeleted:":"true", "version":"1726290716018"}}
{"logTime": "1012/051416", "correlationVector":"kDlZZoMQUp/qIcjyzePY8K.119","action":"GetUpdates", "result":"DeleteReceived", "context":{"id":"f13ab6fd-a28e-4638-be62-1e416f541d64", "isDeleted:":"true", "version":"1726290716019"}}
{"logTime": "1012/051416", "correlationVector":"kDlZZoMQUp/qIcjyzePY8K.120","action":"GetUpdates", "result":"DeleteReceived", "context":{"id":"62bebd99-318c-4893-983c-0e5dcf0528d3", "isDeleted:":"true", "version":"1726291185878"}}
{"logTime": "1012/051416", "correlationVector":"kDlZZoMQUp/qIcjyzePY8K.121","action":"GetUpdates", "result":"DeleteReceived", "context":{"id":"9d7babec-b210-4742-b6d3-c8fc6bb90322", "isDeleted:":"true", "version":"1726320148519"}}
{"logTime": "1012/051416", "correlationVector":"kDlZZoMQUp/qIcjyzePY8K.122","action":"GetUpdates", "result":"DeleteReceived", "context":{"id":"f280ac5f-9686-4a7b-a7d5-a68ca423bbd2", "isDeleted:":"true", "version":"1726320148520"}}
{"logTime": "1012/051416", "correlationVector":"kDlZZoMQUp/qIcjyzePY8K.123","action":"GetUpdates", "result":"DeleteReceived", "context":{"id":"5482a3cc-b4ee-4885-af83-b17db849850f", "isDeleted:":"true", "version":"1726320148521"}}
{"logTime": "1012/051416", "correlationVector":"kDlZZoMQUp/qIcjyzePY8K.124","action":"GetUpdates", "result":"DeleteReceived", "context":{"id":"18e27e07-ae40-488e-90d8-a11d5f433865", "isDeleted:":"true", "version":"1726320148523"}}
{"logTime": "1012/051416", "correlationVector":"kDlZZoMQUp/qIcjyzePY8K.125","action":"GetUpdates", "result":"DeleteReceived", "context":{"id":"c7f7871b-a92e-4d22-a46f-8b291a336916", "isDeleted:":"true", "version":"1726320148524"}}
{"logTime": "1012/051416", "correlationVector":"kDlZZoMQUp/qIcjyzePY8K.126","action":"GetUpdates", "result":"DeleteReceived", "context":{"id":"09202c20-c9a4-40b5-8838-4af1085d7f3b", "isDeleted:":"true", "version":"1726402876843"}}
{"logTime": "1012/051416", "correlationVector":"kDlZZoMQUp/qIcjyzePY8K.127","action":"GetUpdates", "result":"DeleteReceived", "context":{"id":"d55bc196-dbd7-402a-bc9d-e0f572055eb9", "isDeleted:":"true", "version":"1726402876845"}}
{"logTime": "1012/051416", "correlationVector":"kDlZZoMQUp/qIcjyzePY8K.128","action":"GetUpdates", "result":"DeleteReceived", "context":{"id":"91909547-7133-4841-8c2a-6d3ad0a0f1fa", "isDeleted:":"true", "version":"1726402876846"}}
{"logTime": "1012/051416", "correlationVector":"kDlZZoMQUp/qIcjyzePY8K.129","action":"GetUpdates", "result":"DeleteReceived", "context":{"id":"72d5344e-21f6-426d-a591-a3ca96899c6b", "isDeleted:":"true", "version":"1726489897742"}}
{"logTime": "1012/051416", "correlationVector":"kDlZZoMQUp/qIcjyzePY8K.130","action":"GetUpdates", "result":"DeleteReceived", "context":{"id":"5f6c7733-bb14-414e-9188-65562a98477f", "isDeleted:":"true", "version":"1726489897743"}}
{"logTime": "1012/051416", "correlationVector":"kDlZZoMQUp/qIcjyzePY8K.131","action":"GetUpdates", "result":"DeleteReceived", "context":{"id":"35700f43-2323-4f9c-b5f7-d4c524ffb4ff", "isDeleted:":"true", "version":"1726489897745"}}
{"logTime": "1012/051416", "correlationVector":"kDlZZoMQUp/qIcjyzePY8K.132","action":"GetUpdates", "result":"DeleteReceived", "context":{"id":"e658fbe7-1181-49b1-90b0-d6ec28160674", "isDeleted:":"true", "version":"1726489897746"}}
{"logTime": "1012/051416", "correlationVector":"kDlZZoMQUp/qIcjyzePY8K.133","action":"GetUpdates", "result":"DeleteReceived", "context":{"id":"533e037a-80a3-4125-9bab-a7a1c224a8da", "isDeleted:":"true", "version":"1726576660126"}}
{"logTime": "1012/051416", "correlationVector":"kDlZZoMQUp/qIcjyzePY8K.134","action":"GetUpdates", "result":"DeleteReceived", "context":{"id":"0dcf58a5-1c6a-454a-8205-fe038636b152", "isDeleted:":"true", "version":"1726576660127"}}
{"logTime": "1012/051416", "correlationVector":"kDlZZoMQUp/qIcjyzePY8K.135","action":"GetUpdates", "result":"DeleteReceived", "context":{"id":"9936f862-25c3-475f-abc2-f13280165f2d", "isDeleted:":"true", "version":"1726576660128"}}
{"logTime": "1012/051416", "correlationVector":"kDlZZoMQUp/qIcjyzePY8K.136","action":"GetUpdates", "result":"DeleteReceived", "context":{"id":"0cb909ba-3583-4d1e-86e4-3988f9d334c0", "isDeleted:":"true", "version":"1726576660130"}}
{"logTime": "1012/051416", "correlationVector":"kDlZZoMQUp/qIcjyzePY8K.137","action":"GetUpdates", "result":"DeleteReceived", "context":{"id":"7b57a0e5-d0b7-4f3d-a5ef-57be637a502c", "isDeleted:":"true", "version":"1726576660131"}}
{"logTime": "1012/051416", "correlationVector":"kDlZZoMQUp/qIcjyzePY8K.138","action":"GetUpdates", "result":"DeleteReceived", "context":{"id":"678526f2-6005-4ce6-b441-4a5639629be9", "isDeleted:":"true", "version":"1726576660132"}}
{"logTime": "1012/051416", "correlationVector":"kDlZZoMQUp/qIcjyzePY8K.139","action":"GetUpdates", "result":"DeleteReceived", "context":{"id":"18240dfb-f4dd-4714-a57f-bda762eb7b0e", "isDeleted:":"true", "version":"1726145677423"}}
{"logTime": "1012/051416", "correlationVector":"kDlZZoMQUp/qIcjyzePY8K.140","action":"GetUpdates Response", "result":"Success", "context":Received 250 update(s). cV=kDlZZoMQUp/qIcjyzePY8K.0;server=GENERAL0300000U;cloudType=Consumer;environment=Prod_SoutheastAsia_000j;migrationStage=NotStarted Some updates remain.}
{"logTime": "1012/051416", "correlationVector":"CDc4tXOp2vIX6A7yBv4FdQ","action":"Initial GetUpdates", "result":"", "context":Reason: NEWLY_SUPPORTED_DATATYPE. cV=CDc4tXOp2vIX6A7yBv4FdQ}
{"logTime": "1012/051417", "correlationVector":"CDc4tXOp2vIX6A7yBv4FdQ.1","action":"SyncServerConnectionManagerRequest", "result":"SYNC_SERVER_OK", "context":{"environment":"Prod_SoutheastAsia_000j", "migrationStage":"NotStarted", "server":"GENERAL0300001A"}}
{"logTime": "1012/051417", "correlationVector":"CDc4tXOp2vIX6A7yBv4FdQ.2","action":"GetUpdates", "result":"DeleteReceived", "context":{"id":"2b17baf5-1118-4d6f-9001-d9347d1976c4", "isDeleted:":"true", "version":"1726581381255"}}
{"logTime": "1012/051417", "correlationVector":"CDc4tXOp2vIX6A7yBv4FdQ.3","action":"GetUpdates", "result":"DeleteReceived", "context":{"id":"958bc100-078b-4e71-b1f6-387312cc2125", "isDeleted:":"true", "version":"1726658310304"}}
{"logTime": "1012/051417", "correlationVector":"CDc4tXOp2vIX6A7yBv4FdQ.4","action":"GetUpdates", "result":"DeleteReceived", "context":{"id":"f6931810-ba10-4c84-a407-46626a19c008", "isDeleted:":"true", "version":"1726726639432"}}
{"logTime": "1012/051417", "correlationVector":"CDc4tXOp2vIX6A7yBv4FdQ.5","action":"GetUpdates", "result":"DeleteReceived", "context":{"id":"0d0f54f8-058a-4f4d-9b93-f5b9b52d7d61", "isDeleted:":"true", "version":"1726726639434"}}
{"logTime": "1012/051417", "correlationVector":"CDc4tXOp2vIX6A7yBv4FdQ.6","action":"GetUpdates", "result":"DeleteReceived", "context":{"id":"7e7cd8a0-8af9-4b82-b78a-10e096b665e9", "isDeleted:":"true", "version":"1726726639436"}}
{"logTime": "1012/051417", "correlationVector":"CDc4tXOp2vIX6A7yBv4FdQ.7","action":"GetUpdates", "result":"DeleteReceived", "context":{"id":"66e54a71-ad72-4ec2-a843-b543c17921b2", "isDeleted:":"true", "version":"1726728434125"}}
{"logTime": "1012/051417", "correlationVector":"CDc4tXOp2vIX6A7yBv4FdQ.8","action":"GetUpdates", "result":"DeleteReceived", "context":{"id":"5de078ab-8d80-46ba-a6e9-f22c01602298", "isDeleted:":"true", "version":"1726728896199"}}
{"logTime": "1012/051417", "correlationVector":"CDc4tXOp2vIX6A7yBv4FdQ.9","action":"GetUpdates", "result":"DeleteReceived", "context":{"id":"0799933c-0b6e-4cab-86d3-996bb1e612aa", "isDeleted:":"true", "version":"1726753741396"}}
{"logTime": "1012/051417", "correlationVector":"CDc4tXOp2vIX6A7yBv4FdQ.10","action":"GetUpdates", "result":"DeleteReceived", "context":{"id":"d848c69d-0754-4748-b142-38c3d2536a72", "isDeleted:":"true", "version":"1726753741397"}}
{"logTime": "1012/051417", "correlationVector":"CDc4tXOp2vIX6A7yBv4FdQ.11","action":"GetUpdates", "result":"DeleteReceived", "context":{"id":"975ffea9-ad82-4735-9bba-9453378aadcd", "isDeleted:":"true", "version":"1726753741398"}}
{"logTime": "1012/051417", "correlationVector":"CDc4tXOp2vIX6A7yBv4FdQ.12","action":"GetUpdates", "result":"DeleteReceived", "context":{"id":"ed4c18d4-fb41-48c3-863d-cfbaedddac26", "isDeleted:":"true", "version":"1726753741400"}}
{"logTime": "1012/051417", "correlationVector":"CDc4tXOp2vIX6A7yBv4FdQ.13","action":"GetUpdates", "result":"DeleteReceived", "context":{"id":"3e9461cf-f442-4c03-8213-3f61127ca6db", "isDeleted:":"true", "version":"1726753741401"}}
{"logTime": "1012/051417", "correlationVector":"CDc4tXOp2vIX6A7yBv4FdQ.14","action":"GetUpdates", "result":"DeleteReceived", "context":{"id":"21e7db27-8a5e-4030-8096-f521a6c54794", "isDeleted:":"true", "version":"1726753741402"}}
{"logTime": "1012/051417", "correlationVector":"CDc4tXOp2vIX6A7yBv4FdQ.15","action":"GetUpdates", "result":"DeleteReceived", "context":{"id":"0ed51e46-9638-4212-b382-287bd90cb523", "isDeleted:":"true", "version":"1726753741403"}}
{"logTime": "1012/051417", "correlationVector":"CDc4tXOp2vIX6A7yBv4FdQ.16","action":"GetUpdates", "result":"DeleteReceived", "context":{"id":"fc2deed9-7fd7-4384-bd53-1e141597367c", "isDeleted:":"true", "version":"1726753741404"}}
{"logTime": "1012/051417", "correlationVector":"CDc4tXOp2vIX6A7yBv4FdQ.17","action":"GetUpdates", "result":"DeleteReceived", "context":{"id":"b6c88bd0-bc9c-4a95-a55a-20cae37056f8", "isDeleted:":"true", "version":"1726802272531"}}
{"logTime": "1012/051417", "correlationVector":"CDc4tXOp2vIX6A7yBv4FdQ.18","action":"GetUpdates", "result":"DeleteReceived", "context":{"id":"c46b9ee6-c317-4b73-953e-6790e72827a2", "isDeleted:":"true", "version":"1726807250029"}}
{"logTime": "1012/051417", "correlationVector":"CDc4tXOp2vIX6A7yBv4FdQ.19","action":"GetUpdates", "result":"DeleteReceived", "context":{"id":"5e0ec3c3-44a6-4c83-af0a-f9f1821d8779", "isDeleted:":"true", "version":"1726808356657"}}
{"logTime": "1012/051417", "correlationVector":"CDc4tXOp2vIX6A7yBv4FdQ.20","action":"GetUpdates", "result":"DeleteReceived", "context":{"id":"4e97d179-7f8d-45b2-b8cb-463bbd5eb17e", "isDeleted:":"true", "version":"1726811542390"}}
{"logTime": "1012/051417", "correlationVector":"CDc4tXOp2vIX6A7yBv4FdQ.21","action":"GetUpdates", "result":"DeleteReceived", "context":{"id":"e8fc562c-8bcd-4ef6-bf9a-459e70a7f50a", "isDeleted:":"true", "version":"1726811542393"}}
{"logTime": "1012/051417", "correlationVector":"CDc4tXOp2vIX6A7yBv4FdQ.22","action":"GetUpdates", "result":"DeleteReceived", "context":{"id":"c2d05350-9b0a-465d-a69c-fc10477bf746", "isDeleted:":"true", "version":"1726815286784"}}
{"logTime": "1012/051417", "correlationVector":"CDc4tXOp2vIX6A7yBv4FdQ.23","action":"GetUpdates", "result":"DeleteReceived", "context":{"id":"7d2a9a5b-a6e7-441f-a582-bf100e4eb0d6", "isDeleted:":"true", "version":"1726838360335"}}
{"logTime": "1012/051417", "correlationVector":"CDc4tXOp2vIX6A7yBv4FdQ.24","action":"GetUpdates", "result":"DeleteReceived", "context":{"id":"bffd76f8-c374-4bae-87e8-861e41a31d25", "isDeleted:":"true", "version":"1726838360336"}}
{"logTime": "1012/051417", "correlationVector":"CDc4tXOp2vIX6A7yBv4FdQ.25","action":"GetUpdates", "result":"DeleteReceived", "context":{"id":"4a631eea-f14f-4705-9fe3-640a901d0afb", "isDeleted:":"true", "version":"1726838360339"}}
{"logTime": "1012/051417", "correlationVector":"CDc4tXOp2vIX6A7yBv4FdQ.26","action":"GetUpdates", "result":"DeleteReceived", "context":{"id":"4b33811f-f658-41b4-8cd4-cc74b56b8554", "isDeleted:":"true", "version":"1726838360340"}}
{"logTime": "1012/051417", "correlationVector":"CDc4tXOp2vIX6A7yBv4FdQ.27","action":"GetUpdates", "result":"DeleteReceived", "context":{"id":"04150212-a230-434a-b725-2afb967b26a6", "isDeleted:":"true", "version":"1726879063235"}}
{"logTime": "1012/051417", "correlationVector":"CDc4tXOp2vIX6A7yBv4FdQ.28","action":"GetUpdates", "result":"DeleteReceived", "context":{"id":"231b0fae-4387-4120-a9d5-11f375bf0dbb", "isDeleted:":"true", "version":"1726879063236"}}
{"logTime": "1012/051417", "correlationVector":"CDc4tXOp2vIX6A7yBv4FdQ.29","action":"GetUpdates", "result":"DeleteReceived", "context":{"id":"52729774-4d32-414c-81e2-1c95953575ac", "isDeleted:":"true", "version":"1726893053098"}}
{"logTime": "1012/051417", "correlationVector":"CDc4tXOp2vIX6A7yBv4FdQ.30","action":"GetUpdates", "result":"DeleteReceived", "context":{"id":"2c510edb-19ed-4c94-8871-16b4b78fffd9", "isDeleted:":"true", "version":"1726893053099"}}
{"logTime": "1012/051417", "correlationVector":"CDc4tXOp2vIX6A7yBv4FdQ.31","action":"GetUpdates", "result":"DeleteReceived", "context":{"id":"e50d3a4b-7d48-420c-9899-46e9b988bb84", "isDeleted:":"true", "version":"1726893053102"}}
{"logTime": "1012/051417", "correlationVector":"CDc4tXOp2vIX6A7yBv4FdQ.32","action":"GetUpdates", "result":"DeleteReceived", "context":{"id":"4b21a8b1-59e7-4fec-b773-a40efcc1e3ae", "isDeleted:":"true", "version":"1726893244958"}}
{"logTime": "1012/051417", "correlationVector":"CDc4tXOp2vIX6A7yBv4FdQ.33","action":"GetUpdates", "result":"DeleteReceived", "context":{"id":"fc7723a8-178a-497b-a391-5e249a428ad1", "isDeleted:":"true", "version":"1726990998661"}}
{"logTime": "1012/051417", "correlationVector":"CDc4tXOp2vIX6A7yBv4FdQ.34","action":"GetUpdates", "result":"DeleteReceived", "context":{"id":"a1904f0a-e083-46a1-85ff-5ad07b8a613c", "isDeleted:":"true", "version":"1726990998662"}}
{"logTime": "1012/051417", "correlationVector":"CDc4tXOp2vIX6A7yBv4FdQ.35","action":"GetUpdates", "result":"DeleteReceived", "context":{"id":"8bbf8422-8482-44df-9477-f5c0e3bc71a4", "isDeleted:":"true", "version":"1726990998664"}}
{"logTime": "1012/051417", "correlationVector":"CDc4tXOp2vIX6A7yBv4FdQ.36","action":"GetUpdates", "result":"DeleteReceived", "context":{"id":"e092f03d-1706-4cf2-b299-8f3becd21ddc", "isDeleted:":"true", "version":"1726990998665"}}
{"logTime": "1012/051417", "correlationVector":"CDc4tXOp2vIX6A7yBv4FdQ.37","action":"GetUpdates", "result":"DeleteReceived", "context":{"id":"ebf89fab-66ac-4af4-bc2a-209637b80ef5", "isDeleted:":"true", "version":"1726996774485"}}
{"logTime": "1012/051417", "correlationVector":"CDc4tXOp2vIX6A7yBv4FdQ.38","action":"GetUpdates", "result":"DeleteReceived", "context":{"id":"c7092f4d-a42b-42c0-ba27-514cea3ca283", "isDeleted:":"true", "version":"1727089255210"}}
{"logTime": "1012/051417", "correlationVector":"CDc4tXOp2vIX6A7yBv4FdQ.39","action":"GetUpdates", "result":"DeleteReceived", "context":{"id":"960d2a4a-ac53-4bc4-a0ef-c8ce788132a8", "isDeleted:":"true", "version":"1727089255212"}}
{"logTime": "1012/051417", "correlationVector":"CDc4tXOp2vIX6A7yBv4FdQ.40","action":"GetUpdates", "result":"DeleteReceived", "context":{"id":"801388f1-9811-4c91-9cfa-7f971d4c8428", "isDeleted:":"true", "version":"1727089255213"}}
{"logTime": "1012/051417", "correlationVector":"CDc4tXOp2vIX6A7yBv4FdQ.41","action":"GetUpdates", "result":"DeleteReceived", "context":{"id":"778f5dca-e168-420f-ba72-3c7d24a7304b", "isDeleted:":"true", "version":"1727100533330"}}
{"logTime": "1012/051417", "correlationVector":"CDc4tXOp2vIX6A7yBv4FdQ.42","action":"GetUpdates", "result":"DeleteReceived", "context":{"id":"70facdb4-cc07-4bd6-a464-dca84143c345", "isDeleted:":"true", "version":"1727100533331"}}
{"logTime": "1012/051417", "correlationVector":"CDc4tXOp2vIX6A7yBv4FdQ.43","action":"GetUpdates", "result":"DeleteReceived", "context":{"id":"784422ac-31ce-4dba-9aeb-388abe89aee3", "isDeleted:":"true", "version":"1727137248575"}}
{"logTime": "1012/051417", "correlationVector":"CDc4tXOp2vIX6A7yBv4FdQ.44","action":"GetUpdates", "result":"DeleteReceived", "context":{"id":"db440d54-33b8-4e29-912f-0873ee8dea73", "isDeleted:":"true", "version":"1727137248576"}}
{"logTime": "1012/051417", "correlationVector":"CDc4tXOp2vIX6A7yBv4FdQ.45","action":"GetUpdates", "result":"DeleteReceived", "context":{"id":"cb644688-fc2c-454b-bad9-cd83ccf6905d", "isDeleted:":"true", "version":"1727137248577"}}
{"logTime": "1012/051417", "correlationVector":"CDc4tXOp2vIX6A7yBv4FdQ.46","action":"GetUpdates", "result":"DeleteReceived", "context":{"id":"378f2d87-d018-46c9-a715-bf9d23d13459", "isDeleted:":"true", "version":"1727137248579"}}
{"logTime": "1012/051417", "correlationVector":"CDc4tXOp2vIX6A7yBv4FdQ.47","action":"GetUpdates", "result":"DeleteReceived", "context":{"id":"9f2ad2e6-903a-48be-ad51-bc1457fe903e", "isDeleted:":"true", "version":"1727137248580"}}
{"logTime": "1012/051417", "correlationVector":"CDc4tXOp2vIX6A7yBv4FdQ.48","action":"GetUpdates", "result":"DeleteReceived", "context":{"id":"af3d0cc3-3edf-40f5-b205-1f7330330027", "isDeleted:":"true", "version":"1727137248581"}}
{"logTime": "1012/051417", "correlationVector":"CDc4tXOp2vIX6A7yBv4FdQ.49","action":"GetUpdates", "result":"DeleteReceived", "context":{"id":"68f6fe9e-fe61-489a-b3d3-b9af18fd36ed", "isDeleted:":"true", "version":"1727165516255"}}
{"logTime": "1012/051417", "correlationVector":"CDc4tXOp2vIX6A7yBv4FdQ.50","action":"GetUpdates", "result":"DeleteReceived", "context":{"id":"92751de5-3f0e-4e5d-a3c3-3aaf00db4741", "isDeleted:":"true", "version":"1727165516256"}}
{"logTime": "1012/051417", "correlationVector":"CDc4tXOp2vIX6A7yBv4FdQ.51","action":"GetUpdates", "result":"DeleteReceived", "context":{"id":"0f755fa2-73b5-43d1-b56a-78a9115b8a5f", "isDeleted:":"true", "version":"1727165516258"}}
{"logTime": "1012/051417", "correlationVector":"CDc4tXOp2vIX6A7yBv4FdQ.52","action":"GetUpdates", "result":"DeleteReceived", "context":{"id":"b4469e3c-09c2-4204-abe1-9f450e65a2e0", "isDeleted:":"true", "version":"1727165516259"}}
{"logTime": "1012/051417", "correlationVector":"CDc4tXOp2vIX6A7yBv4FdQ.53","action":"GetUpdates", "result":"DeleteReceived", "context":{"id":"ce10b94a-b065-47ee-b04e-a29ebc31f2d9", "isDeleted:":"true", "version":"1727179917546"}}
{"logTime": "1012/051417", "correlationVector":"CDc4tXOp2vIX6A7yBv4FdQ.54","action":"GetUpdates", "result":"DeleteReceived", "context":{"id":"943aacf3-a782-42f4-8cb6-83a969ad87f4", "isDeleted:":"true", "version":"1727179917547"}}
{"logTime": "1012/051417", "correlationVector":"CDc4tXOp2vIX6A7yBv4FdQ.55","action":"GetUpdates", "result":"DeleteReceived", "context":{"id":"980df3ea-d6a7-40c8-8c11-6575dd2006ff", "isDeleted:":"true", "version":"1727179917548"}}
{"logTime": "1012/051417", "correlationVector":"CDc4tXOp2vIX6A7yBv4FdQ.56","action":"GetUpdates", "result":"DeleteReceived", "context":{"id":"4fd8fa5e-c336-41f3-900d-d93f6f26bb26", "isDeleted:":"true", "version":"1727179917550"}}
{"logTime": "1012/051417", "correlationVector":"CDc4tXOp2vIX6A7yBv4FdQ.57","action":"GetUpdates", "result":"DeleteReceived", "context":{"id":"6cdc98ae-77a9-4bb6-a892-a656c6d176a2", "isDeleted:":"true", "version":"1727179917551"}}
{"logTime": "1012/051417", "correlationVector":"CDc4tXOp2vIX6A7yBv4FdQ.58","action":"GetUpdates", "result":"DeleteReceived", "context":{"id":"f0cea39a-d916-40d4-8072-439253245930", "isDeleted:":"true", "version":"1727179917552"}}
{"logTime": "1012/051417", "correlationVector":"CDc4tXOp2vIX6A7yBv4FdQ.59","action":"GetUpdates", "result":"DeleteReceived", "context":{"id":"21a213d2-6182-47c4-9678-f76f1d1a163b", "isDeleted:":"true", "version":"1727319163258"}}
{"logTime": "1012/051417", "correlationVector":"CDc4tXOp2vIX6A7yBv4FdQ.60","action":"GetUpdates", "result":"DeleteReceived", "context":{"id":"b5d5ccae-ca97-4eb9-a25d-0e2fc08593d4", "isDeleted:":"true", "version":"1727319163259"}}
{"logTime": "1012/051417", "correlationVector":"CDc4tXOp2vIX6A7yBv4FdQ.61","action":"GetUpdates", "result":"DeleteReceived", "context":{"id":"987e8b75-0c07-4e6d-964b-85a56db81ffb", "isDeleted:":"true", "version":"1727319163260"}}
{"logTime": "1012/051417", "correlationVector":"CDc4tXOp2vIX6A7yBv4FdQ.62","action":"GetUpdates", "result":"DeleteReceived", "context":{"id":"144297e6-e92d-4846-9d48-b37a201c6a95", "isDeleted:":"true", "version":"1727319163263"}}
{"logTime": "1012/051417", "correlationVector":"CDc4tXOp2vIX6A7yBv4FdQ.63","action":"GetUpdates", "result":"DeleteReceived", "context":{"id":"b88af273-5700-493e-8d3d-80fa7673cbc0", "isDeleted:":"true", "version":"1727319163264"}}
{"logTime": "1012/051417", "correlationVector":"CDc4tXOp2vIX6A7yBv4FdQ.64","action":"GetUpdates", "result":"DeleteReceived", "context":{"id":"1950536a-d0c7-4059-9a27-69110744c448", "isDeleted:":"true", "version":"1727330712947"}}
{"logTime": "1012/051417", "correlationVector":"CDc4tXOp2vIX6A7yBv4FdQ.65","action":"GetUpdates", "result":"DeleteReceived", "context":{"id":"8f08d512-5262-4065-8c7b-8054fa948284", "isDeleted:":"true", "version":"1727331284065"}}
{"logTime": "1012/051417", "correlationVector":"CDc4tXOp2vIX6A7yBv4FdQ.66","action":"GetUpdates", "result":"DeleteReceived", "context":{"id":"ace3345c-1a26-4c0f-9766-8ebba890d96d", "isDeleted:":"true", "version":"1727332421714"}}
{"logTime": "1012/051417", "correlationVector":"CDc4tXOp2vIX6A7yBv4FdQ.67","action":"GetUpdates", "result":"DeleteReceived", "context":{"id":"7cadc13e-ddc4-4cbd-84c0-2d5d2f76336f", "isDeleted:":"true", "version":"1727333959269"}}
{"logTime": "1012/051417", "correlationVector":"CDc4tXOp2vIX6A7yBv4FdQ.68","action":"GetUpdates", "result":"DeleteReceived", "context":{"id":"9b09331c-16f0-4593-9a1e-f1e91e2310ef", "isDeleted:":"true", "version":"1727351210113"}}
{"logTime": "1012/051417", "correlationVector":"CDc4tXOp2vIX6A7yBv4FdQ.69","action":"GetUpdates", "result":"DeleteReceived", "context":{"id":"c44c2b2d-93d6-456f-9f94-cbb07412e295", "isDeleted:":"true", "version":"1727351210114"}}
{"logTime": "1012/051417", "correlationVector":"CDc4tXOp2vIX6A7yBv4FdQ.70","action":"GetUpdates", "result":"DeleteReceived", "context":{"id":"7879d288-aa55-440e-af5f-5bf60d3e13d0", "isDeleted:":"true", "version":"1727351210115"}}
{"logTime": "1012/051417", "correlationVector":"CDc4tXOp2vIX6A7yBv4FdQ.71","action":"GetUpdates", "result":"DeleteReceived", "context":{"id":"f967abb9-a929-49e1-90c5-84bb56865c89", "isDeleted:":"true", "version":"1727351210116"}}
{"logTime": "1012/051417", "correlationVector":"CDc4tXOp2vIX6A7yBv4FdQ.72","action":"GetUpdates", "result":"DeleteReceived", "context":{"id":"112883ba-cf85-4b92-848c-7ffd675949e7", "isDeleted:":"true", "version":"1727351210118"}}
{"logTime": "1012/051417", "correlationVector":"CDc4tXOp2vIX6A7yBv4FdQ.73","action":"GetUpdates", "result":"DeleteReceived", "context":{"id":"80618074-120f-47b5-bd34-86cd30e76901", "isDeleted:":"true", "version":"1727351210119"}}
{"logTime": "1012/051417", "correlationVector":"CDc4tXOp2vIX6A7yBv4FdQ.74","action":"GetUpdates", "result":"DeleteReceived", "context":{"id":"b89dabc9-c9a0-4c37-a35f-73fc6f000af0", "isDeleted:":"true", "version":"1727351210120"}}
{"logTime": "1012/051417", "correlationVector":"CDc4tXOp2vIX6A7yBv4FdQ.75","action":"GetUpdates", "result":"DeleteReceived", "context":{"id":"6eb07280-4e81-4ac8-92bb-01e44fa7eb08", "isDeleted:":"true", "version":"1727351210121"}}
{"logTime": "1012/051417", "correlationVector":"CDc4tXOp2vIX6A7yBv4FdQ.76","action":"GetUpdates", "result":"DeleteReceived", "context":{"id":"61e461c1-50e7-4e1f-82f8-b58c99d8839e", "isDeleted:":"true", "version":"1727351210122"}}
{"logTime": "1012/051417", "correlationVector":"CDc4tXOp2vIX6A7yBv4FdQ.77","action":"GetUpdates", "result":"DeleteReceived", "context":{"id":"d970f4f9-5e48-4568-b84f-0d9b7bc911a0", "isDeleted:":"true", "version":"1727351210123"}}
{"logTime": "1012/051417", "correlationVector":"CDc4tXOp2vIX6A7yBv4FdQ.78","action":"GetUpdates", "result":"DeleteReceived", "context":{"id":"17393641-83e2-471a-9dc8-13d53d272d68", "isDeleted:":"true", "version":"1727351210124"}}
{"logTime": "1012/051417", "correlationVector":"CDc4tXOp2vIX6A7yBv4FdQ.79","action":"GetUpdates", "result":"DeleteReceived", "context":{"id":"fe4962bc-50d1-4edb-a9f4-4ad4c4349840", "isDeleted:":"true", "version":"1727351210125"}}
{"logTime": "1012/051417", "correlationVector":"CDc4tXOp2vIX6A7yBv4FdQ.80","action":"GetUpdates", "result":"DeleteReceived", "context":{"id":"600fcceb-dd7e-4fb9-860e-8ffdc1e60ee9", "isDeleted:":"true", "version":"1727353489253"}}
{"logTime": "1012/051417", "correlationVector":"CDc4tXOp2vIX6A7yBv4FdQ.81","action":"GetUpdates", "result":"DeleteReceived", "context":{"id":"523490dc-4c85-420e-b18e-869e2af55338", "isDeleted:":"true", "version":"1727359189136"}}
{"logTime": "1012/051417", "correlationVector":"CDc4tXOp2vIX6A7yBv4FdQ.82","action":"GetUpdates", "result":"DeleteReceived", "context":{"id":"e82dbf53-e821-410a-895a-f396a0658d6c", "isDeleted:":"true", "version":"1727359519018"}}
{"logTime": "1012/051417", "correlationVector":"CDc4tXOp2vIX6A7yBv4FdQ.83","action":"GetUpdates", "result":"DeleteReceived", "context":{"id":"b13a857c-3869-4824-9793-0c7033ff1fb1", "isDeleted:":"true", "version":"1727359519019"}}
{"logTime": "1012/051417", "correlationVector":"CDc4tXOp2vIX6A7yBv4FdQ.84","action":"GetUpdates", "result":"DeleteReceived", "context":{"id":"34bffcd2-a6e2-459e-b76b-c78cb9a9ee38", "isDeleted:":"true", "version":"1727420273622"}}
{"logTime": "1012/051417", "correlationVector":"CDc4tXOp2vIX6A7yBv4FdQ.85","action":"GetUpdates", "result":"DeleteReceived", "context":{"id":"10737a30-77c6-4208-8a01-a93e3525e807", "isDeleted:":"true", "version":"1727420273623"}}
{"logTime": "1012/051417", "correlationVector":"CDc4tXOp2vIX6A7yBv4FdQ.86","action":"GetUpdates", "result":"DeleteReceived", "context":{"id":"3c6dcda3-3885-4550-9933-bf1e6690d20e", "isDeleted:":"true", "version":"1727426763357"}}
{"logTime": "1012/051417", "correlationVector":"CDc4tXOp2vIX6A7yBv4FdQ.87","action":"GetUpdates", "result":"DeleteReceived", "context":{"id":"72e0505a-01c0-4b29-83f3-4e6f0b3e966f", "isDeleted:":"true", "version":"1727426763359"}}
{"logTime": "1012/051417", "correlationVector":"CDc4tXOp2vIX6A7yBv4FdQ.88","action":"GetUpdates", "result":"DeleteReceived", "context":{"id":"5f6a7441-df2e-4824-8bf9-154cbe66d5b8", "isDeleted:":"true", "version":"1727427790018"}}
{"logTime": "1012/051417", "correlationVector":"CDc4tXOp2vIX6A7yBv4FdQ.89","action":"GetUpdates", "result":"DeleteReceived", "context":{"id":"142df62f-22d8-4d84-9d1f-c3c6b4ac0794", "isDeleted:":"true", "version":"1727427790019"}}
{"logTime": "1012/051417", "correlationVector":"CDc4tXOp2vIX6A7yBv4FdQ.90","action":"GetUpdates", "result":"DeleteReceived", "context":{"id":"27a844b2-501a-465a-8a37-c46041fab52a", "isDeleted:":"true", "version":"1727438737487"}}
{"logTime": "1012/051417", "correlationVector":"CDc4tXOp2vIX6A7yBv4FdQ.91","action":"GetUpdates", "result":"DeleteReceived", "context":{"id":"8e1ede85-d1b6-426e-ab89-dc80de194b80", "isDeleted:":"true", "version":"1727438737488"}}
{"logTime": "1012/051417", "correlationVector":"CDc4tXOp2vIX6A7yBv4FdQ.92","action":"GetUpdates", "result":"DeleteReceived", "context":{"id":"972a9d48-7680-4b79-a3d5-1c6f30683533", "isDeleted:":"true", "version":"1727438737490"}}
{"logTime": "1012/051417", "correlationVector":"CDc4tXOp2vIX6A7yBv4FdQ.93","action":"GetUpdates", "result":"DeleteReceived", "context":{"id":"948f1d36-f992-4b66-a350-b56413e97562", "isDeleted:":"true", "version":"1727438737491"}}
{"logTime": "1012/051417", "correlationVector":"CDc4tXOp2vIX6A7yBv4FdQ.94","action":"GetUpdates", "result":"DeleteReceived", "context":{"id":"fa228e7b-5507-427c-8cd6-a4ca007782a0", "isDeleted:":"true", "version":"1727438737492"}}
{"logTime": "1012/051417", "correlationVector":"CDc4tXOp2vIX6A7yBv4FdQ.95","action":"GetUpdates", "result":"DeleteReceived", "context":{"id":"baf6c485-1a58-4b07-8549-7508d24d0644", "isDeleted:":"true", "version":"1727442976875"}}
{"logTime": "1012/051417", "correlationVector":"CDc4tXOp2vIX6A7yBv4FdQ.96","action":"GetUpdates", "result":"DeleteReceived", "context":{"id":"bd92bbf8-fcbf-4dfd-b9f0-ed7b1ccf4ccf", "isDeleted:":"true", "version":"1727442976876"}}
{"logTime": "1012/051417", "correlationVector":"CDc4tXOp2vIX6A7yBv4FdQ.97","action":"GetUpdates", "result":"DeleteReceived", "context":{"id":"ab449fee-140e-4213-9198-fa7b7297262a", "isDeleted:":"true", "version":"1727445396832"}}
{"logTime": "1012/051417", "correlationVector":"CDc4tXOp2vIX6A7yBv4FdQ.98","action":"GetUpdates", "result":"DeleteReceived", "context":{"id":"6c4b939b-f25f-4dbe-a6ea-6361dd995ccf", "isDeleted:":"true", "version":"1727445396835"}}
{"logTime": "1012/051417", "correlationVector":"CDc4tXOp2vIX6A7yBv4FdQ.99","action":"GetUpdates", "result":"DeleteReceived", "context":{"id":"1dd4c851-ee27-41cf-8a59-7c5ff5525951", "isDeleted:":"true", "version":"1727497231379"}}
{"logTime": "1012/051417", "correlationVector":"CDc4tXOp2vIX6A7yBv4FdQ.100","action":"GetUpdates", "result":"DeleteReceived", "context":{"id":"fc4089cc-9bab-4c3b-aa22-422f73a7f0ae", "isDeleted:":"true", "version":"1727499015999"}}
{"logTime": "1012/051417", "correlationVector":"CDc4tXOp2vIX6A7yBv4FdQ.101","action":"GetUpdates", "result":"DeleteReceived", "context":{"id":"78175cdd-50ac-49dc-bf61-fa3c56c24318", "isDeleted:":"true", "version":"1727499673733"}}
{"logTime": "1012/051417", "correlationVector":"CDc4tXOp2vIX6A7yBv4FdQ.102","action":"GetUpdates", "result":"DeleteReceived", "context":{"id":"403700d5-163b-484e-aa2a-94d0f1d88f2d", "isDeleted:":"true", "version":"1727587695269"}}
{"logTime": "1012/051417", "correlationVector":"CDc4tXOp2vIX6A7yBv4FdQ.103","action":"GetUpdates", "result":"DeleteReceived", "context":{"id":"c43accab-5b08-4396-a8e3-97b5aa53fbea", "isDeleted:":"true", "version":"1727587695270"}}
{"logTime": "1012/051417", "correlationVector":"CDc4tXOp2vIX6A7yBv4FdQ.104","action":"GetUpdates", "result":"DeleteReceived", "context":{"id":"13384272-cddb-41d7-be45-0bfc6d7fc2ad", "isDeleted:":"true", "version":"1727587695272"}}
{"logTime": "1012/051417", "correlationVector":"CDc4tXOp2vIX6A7yBv4FdQ.105","action":"GetUpdates", "result":"DeleteReceived", "context":{"id":"8c8dcd74-e92b-4fc4-b085-c2ff52af9f5e", "isDeleted:":"true", "version":"1727587695273"}}
{"logTime": "1012/051417", "correlationVector":"CDc4tXOp2vIX6A7yBv4FdQ.106","action":"GetUpdates", "result":"DeleteReceived", "context":{"id":"7cc462de-1397-4d2f-aad4-055d5d54a3b1", "isDeleted:":"true", "version":"1727587695274"}}
{"logTime": "1012/051417", "correlationVector":"CDc4tXOp2vIX6A7yBv4FdQ.107","action":"GetUpdates", "result":"DeleteReceived", "context":{"id":"3fdb3bea-1076-4d70-b728-edc88f4b1a63", "isDeleted:":"true", "version":"1727602145228"}}
{"logTime": "1012/051417", "correlationVector":"CDc4tXOp2vIX6A7yBv4FdQ.108","action":"GetUpdates", "result":"DeleteReceived", "context":{"id":"64288a95-ed8b-497a-bac7-af1261f07703", "isDeleted:":"true", "version":"1727602145229"}}
{"logTime": "1012/051417", "correlationVector":"CDc4tXOp2vIX6A7yBv4FdQ.109","action":"GetUpdates", "result":"DeleteReceived", "context":{"id":"73db0adb-3bec-43be-9f64-a20ba8a8edb7", "isDeleted:":"true", "version":"1727602445190"}}
{"logTime": "1012/051417", "correlationVector":"CDc4tXOp2vIX6A7yBv4FdQ.110","action":"GetUpdates", "result":"DeleteReceived", "context":{"id":"e968edf7-6686-42f2-95f8-3b6c9d4390bd", "isDeleted:":"true", "version":"1727696361424"}}
{"logTime": "1012/051417", "correlationVector":"CDc4tXOp2vIX6A7yBv4FdQ.111","action":"GetUpdates", "result":"DeleteReceived", "context":{"id":"c1c5c71d-1a93-4129-900c-65923c0d5aa6", "isDeleted:":"true", "version":"1727696361426"}}
{"logTime": "1012/051417", "correlationVector":"CDc4tXOp2vIX6A7yBv4FdQ.112","action":"GetUpdates", "result":"DeleteReceived", "context":{"id":"ea129537-260a-4ee1-bd16-eccb9986b06a", "isDeleted:":"true", "version":"1727696361427"}}
{"logTime": "1012/051417", "correlationVector":"CDc4tXOp2vIX6A7yBv4FdQ.113","action":"GetUpdates", "result":"DeleteReceived", "context":{"id":"452b2a28-48b1-4d60-be8f-b54f9a877261", "isDeleted:":"true", "version":"1727782363145"}}
{"logTime": "1012/051417", "correlationVector":"CDc4tXOp2vIX6A7yBv4FdQ.114","action":"GetUpdates", "result":"DeleteReceived", "context":{"id":"6c2f2d6f-25b8-4ba4-a88a-020e355b0f22", "isDeleted:":"true", "version":"1727782363148"}}
{"logTime": "1012/051417", "correlationVector":"CDc4tXOp2vIX6A7yBv4FdQ.115","action":"GetUpdates", "result":"DeleteReceived", "context":{"id":"5107f671-036c-443a-9e25-7094686b172c", "isDeleted:":"true", "version":"1727782363149"}}
{"logTime": "1012/051417", "correlationVector":"CDc4tXOp2vIX6A7yBv4FdQ.116","action":"GetUpdates", "result":"DeleteReceived", "context":{"id":"f77b58cd-ebfb-4564-baf8-d0a23bff1965", "isDeleted:":"true", "version":"1727784325532"}}
{"logTime": "1012/051417", "correlationVector":"CDc4tXOp2vIX6A7yBv4FdQ.117","action":"GetUpdates", "result":"DeleteReceived", "context":{"id":"7199cb05-c7cb-44c8-be41-57999999fe75", "isDeleted:":"true", "version":"1727784354684"}}
{"logTime": "1012/051417", "correlationVector":"CDc4tXOp2vIX6A7yBv4FdQ.118","action":"GetUpdates", "result":"DeleteReceived", "context":{"id":"2bbbed68-a77f-4074-80ab-b2e5dfb709b0", "isDeleted:":"true", "version":"1727784354685"}}
{"logTime": "1012/051417", "correlationVector":"CDc4tXOp2vIX6A7yBv4FdQ.119","action":"GetUpdates", "result":"DeleteReceived", "context":{"id":"f0d91ccf-88f1-4850-b90e-8010959dccb4", "isDeleted:":"true", "version":"1727784354686"}}
{"logTime": "1012/051417", "correlationVector":"CDc4tXOp2vIX6A7yBv4FdQ.120","action":"GetUpdates", "result":"DeleteReceived", "context":{"id":"2e298d2c-4ec5-4f5a-ab7e-1513106105d8", "isDeleted:":"true", "version":"1727784354688"}}
{"logTime": "1012/051417", "correlationVector":"CDc4tXOp2vIX6A7yBv4FdQ.121","action":"GetUpdates", "result":"DeleteReceived", "context":{"id":"b19d4e29-fc65-4e56-8ed9-2519066b931f", "isDeleted:":"true", "version":"1727784354689"}}
{"logTime": "1012/051417", "correlationVector":"CDc4tXOp2vIX6A7yBv4FdQ.122","action":"GetUpdates", "result":"DeleteReceived", "context":{"id":"e5f832bb-bde9-46a8-8160-8543c8d213dc", "isDeleted:":"true", "version":"1727784354690"}}
{"logTime": "1012/051417", "correlationVector":"CDc4tXOp2vIX6A7yBv4FdQ.123","action":"GetUpdates", "result":"DeleteReceived", "context":{"id":"d4cfdf23-57c5-4b82-9201-115cd8e14b94", "isDeleted:":"true", "version":"1727784354691"}}
{"logTime": "1012/051417", "correlationVector":"CDc4tXOp2vIX6A7yBv4FdQ.124","action":"GetUpdates", "result":"DeleteReceived", "context":{"id":"01e3c723-4766-4e24-ac24-2dab869850c9", "isDeleted:":"true", "version":"1727784354693"}}
{"logTime": "1012/051417", "correlationVector":"CDc4tXOp2vIX6A7yBv4FdQ.125","action":"GetUpdates", "result":"DeleteReceived", "context":{"id":"b1037bd7-a465-4951-8acd-5ee9dea0df11", "isDeleted:":"true", "version":"1727864678394"}}
{"logTime": "1012/051417", "correlationVector":"CDc4tXOp2vIX6A7yBv4FdQ.126","action":"GetUpdates", "result":"DeleteReceived", "context":{"id":"abd74de8-c17b-490e-8b43-e13bf8e837b6", "isDeleted:":"true", "version":"1727864678396"}}
{"logTime": "1012/051417", "correlationVector":"CDc4tXOp2vIX6A7yBv4FdQ.127","action":"GetUpdates", "result":"DeleteReceived", "context":{"id":"313da34a-abb3-4bab-b9a4-760bc24668ab", "isDeleted:":"true", "version":"1727864678397"}}
{"logTime": "1012/051417", "correlationVector":"CDc4tXOp2vIX6A7yBv4FdQ.128","action":"GetUpdates", "result":"DeleteReceived", "context":{"id":"2e470f41-b529-4885-bee9-b4bda5b38dec", "isDeleted:":"true", "version":"1727872057056"}}
{"logTime": "1012/051417", "correlationVector":"CDc4tXOp2vIX6A7yBv4FdQ.129","action":"GetUpdates", "result":"DeleteReceived", "context":{"id":"05e64190-338e-4171-bd97-9ac19d3cb21b", "isDeleted:":"true", "version":"1727923498605"}}
{"logTime": "1012/051417", "correlationVector":"CDc4tXOp2vIX6A7yBv4FdQ.130","action":"GetUpdates", "result":"DeleteReceived", "context":{"id":"9149ef6e-9bd2-4751-8416-bbd9ddf84771", "isDeleted:":"true", "version":"1727923498608"}}
{"logTime": "1012/051417", "correlationVector":"CDc4tXOp2vIX6A7yBv4FdQ.131","action":"GetUpdates", "result":"DeleteReceived", "context":{"id":"0557db95-c58b-426c-81a9-8f7dbe20deb0", "isDeleted:":"true", "version":"1727923498609"}}
{"logTime": "1012/051417", "correlationVector":"CDc4tXOp2vIX6A7yBv4FdQ.132","action":"GetUpdates", "result":"DeleteReceived", "context":{"id":"3787c276-b085-4fc7-831a-dcf41ab102aa", "isDeleted:":"true", "version":"1727924396709"}}
{"logTime": "1012/051417", "correlationVector":"CDc4tXOp2vIX6A7yBv4FdQ.133","action":"GetUpdates", "result":"DeleteReceived", "context":{"id":"760a24b1-5bcb-4939-b9ee-7f62223a52d5", "isDeleted:":"true", "version":"1727924396710"}}
{"logTime": "1012/051417", "correlationVector":"CDc4tXOp2vIX6A7yBv4FdQ.134","action":"GetUpdates", "result":"DeleteReceived", "context":{"id":"6f5a59f2-b9e9-4b01-a130-6ed29a1e1bd5", "isDeleted:":"true", "version":"1727924396711"}}
{"logTime": "1012/051417", "correlationVector":"CDc4tXOp2vIX6A7yBv4FdQ.135","action":"GetUpdates", "result":"DeleteReceived", "context":{"id":"6852e6dc-caf3-47c6-a206-00362026b013", "isDeleted:":"true", "version":"1727928010856"}}
{"logTime": "1012/051417", "correlationVector":"CDc4tXOp2vIX6A7yBv4FdQ.136","action":"GetUpdates", "result":"DeleteReceived", "context":{"id":"b8f95ed9-610b-4666-827f-23820007fac6", "isDeleted:":"true", "version":"1727928010859"}}
{"logTime": "1012/051417", "correlationVector":"CDc4tXOp2vIX6A7yBv4FdQ.137","action":"GetUpdates", "result":"DeleteReceived", "context":{"id":"491b399d-489e-408d-ab47-0346a993dbf3", "isDeleted:":"true", "version":"1727928313344"}}
{"logTime": "1012/051417", "correlationVector":"CDc4tXOp2vIX6A7yBv4FdQ.138","action":"GetUpdates", "result":"DeleteReceived", "context":{"id":"7f40356c-e7c4-4f10-82e9-18d21c39ea3b", "isDeleted:":"true", "version":"1727928313345"}}
{"logTime": "1012/051417", "correlationVector":"CDc4tXOp2vIX6A7yBv4FdQ.139","action":"GetUpdates", "result":"DeleteReceived", "context":{"id":"a81d0e53-a884-41ea-bbe3-98428b876606", "isDeleted:":"true", "version":"1727928313346"}}
{"logTime": "1012/051417", "correlationVector":"CDc4tXOp2vIX6A7yBv4FdQ.140","action":"GetUpdates", "result":"DeleteReceived", "context":{"id":"a4ee58a4-8ebc-4ef5-854b-31f84ec8bfe1", "isDeleted:":"true", "version":"1727937211038"}}
{"logTime": "1012/051417", "correlationVector":"CDc4tXOp2vIX6A7yBv4FdQ.141","action":"GetUpdates", "result":"DeleteReceived", "context":{"id":"52ff795e-6520-4fb1-bc9c-6e13fe0e5782", "isDeleted:":"true", "version":"1728035264276"}}
{"logTime": "1012/051417", "correlationVector":"CDc4tXOp2vIX6A7yBv4FdQ.142","action":"GetUpdates", "result":"DeleteReceived", "context":{"id":"d909fe19-fce1-4f33-b0c0-8f4d1fd39720", "isDeleted:":"true", "version":"1728035264277"}}
{"logTime": "1012/051417", "correlationVector":"CDc4tXOp2vIX6A7yBv4FdQ.143","action":"GetUpdates", "result":"DeleteReceived", "context":{"id":"f83fef54-ada3-4f71-96db-c4f57cf2e773", "isDeleted:":"true", "version":"1728035264278"}}
{"logTime": "1012/051417", "correlationVector":"CDc4tXOp2vIX6A7yBv4FdQ.144","action":"GetUpdates", "result":"DeleteReceived", "context":{"id":"cac7842c-27b3-45a7-95d1-6ada8879ae5f", "isDeleted:":"true", "version":"1728035264280"}}
{"logTime": "1012/051417", "correlationVector":"CDc4tXOp2vIX6A7yBv4FdQ.145","action":"GetUpdates", "result":"DeleteReceived", "context":{"id":"d06c201d-1fb8-47f8-9dc1-474e8064431c", "isDeleted:":"true", "version":"1728035264281"}}
{"logTime": "1012/051417", "correlationVector":"CDc4tXOp2vIX6A7yBv4FdQ.146","action":"GetUpdates", "result":"DeleteReceived", "context":{"id":"123db84d-72dd-46b8-803d-4b7ea87456d6", "isDeleted:":"true", "version":"1728038192905"}}
{"logTime": "1012/051417", "correlationVector":"CDc4tXOp2vIX6A7yBv4FdQ.147","action":"GetUpdates", "result":"DeleteReceived", "context":{"id":"b53a3d49-a2d3-45a1-a611-701e3a8c20bb", "isDeleted:":"true", "version":"1728038192906"}}
{"logTime": "1012/051417", "correlationVector":"CDc4tXOp2vIX6A7yBv4FdQ.148","action":"GetUpdates", "result":"DeleteReceived", "context":{"id":"56a34ca3-73b4-4cb1-ae8b-a5198e8d3224", "isDeleted:":"true", "version":"1728041889882"}}
{"logTime": "1012/051417", "correlationVector":"CDc4tXOp2vIX6A7yBv4FdQ.149","action":"GetUpdates", "result":"DeleteReceived", "context":{"id":"8a5aa452-ac53-4b45-813d-e4ef786ec33a", "isDeleted:":"true", "version":"1728137184414"}}
{"logTime": "1012/051417", "correlationVector":"CDc4tXOp2vIX6A7yBv4FdQ.150","action":"GetUpdates", "result":"DeleteReceived", "context":{"id":"caf7628b-ee89-4fb5-a49a-6c583a027120", "isDeleted:":"true", "version":"1728137184415"}}
{"logTime": "1012/051417", "correlationVector":"CDc4tXOp2vIX6A7yBv4FdQ.151","action":"GetUpdates", "result":"DeleteReceived", "context":{"id":"59c6182d-bbb7-4205-849d-f7bdaf68137f", "isDeleted:":"true", "version":"1728137184417"}}
{"logTime": "1012/051417", "correlationVector":"CDc4tXOp2vIX6A7yBv4FdQ.152","action":"GetUpdates", "result":"DeleteReceived", "context":{"id":"25a98b4c-b48f-4821-b511-32f7c2124021", "isDeleted:":"true", "version":"1728137184418"}}
{"logTime": "1012/051417", "correlationVector":"CDc4tXOp2vIX6A7yBv4FdQ.153","action":"GetUpdates", "result":"DeleteReceived", "context":{"id":"98741c5a-ccc2-4143-83b0-d32cef454605", "isDeleted:":"true", "version":"1728137184419"}}
{"logTime": "1012/051417", "correlationVector":"CDc4tXOp2vIX6A7yBv4FdQ.154","action":"GetUpdates", "result":"DeleteReceived", "context":{"id":"3d08a6c5-c74e-4ddf-aa8e-037920a8e9a9", "isDeleted:":"true", "version":"1728137787725"}}
{"logTime": "1012/051417", "correlationVector":"CDc4tXOp2vIX6A7yBv4FdQ.155","action":"GetUpdates", "result":"DeleteReceived", "context":{"id":"29b77cf8-1bb1-4b46-b3c6-ab3f751f101a", "isDeleted:":"true", "version":"1728137822762"}}
{"logTime": "1012/051417", "correlationVector":"CDc4tXOp2vIX6A7yBv4FdQ.156","action":"GetUpdates", "result":"DeleteReceived", "context":{"id":"a92a0ec5-0a15-49f4-a3d3-d97de045985a", "isDeleted:":"true", "version":"1728137822763"}}
{"logTime": "1012/051417", "correlationVector":"CDc4tXOp2vIX6A7yBv4FdQ.157","action":"GetUpdates", "result":"DeleteReceived", "context":{"id":"a7098022-6934-4755-82ce-c250594f78bf", "isDeleted:":"true", "version":"1728137822764"}}
{"logTime": "1012/051417", "correlationVector":"CDc4tXOp2vIX6A7yBv4FdQ.158","action":"GetUpdates", "result":"DeleteReceived", "context":{"id":"a605642b-0989-4936-9293-23843842bb8f", "isDeleted:":"true", "version":"1728137822765"}}
{"logTime": "1012/051417", "correlationVector":"CDc4tXOp2vIX6A7yBv4FdQ.159","action":"GetUpdates", "result":"DeleteReceived", "context":{"id":"25f1dd32-603e-4e9c-be69-613d37f1e680", "isDeleted:":"true", "version":"1728137822766"}}
{"logTime": "1012/051417", "correlationVector":"CDc4tXOp2vIX6A7yBv4FdQ.160","action":"GetUpdates", "result":"DeleteReceived", "context":{"id":"86a00dcb-ed81-4ee4-a856-d769535e5bad", "isDeleted:":"true", "version":"1728137822769"}}
{"logTime": "1012/051417", "correlationVector":"CDc4tXOp2vIX6A7yBv4FdQ.161","action":"GetUpdates", "result":"DeleteReceived", "context":{"id":"a638ac98-009f-44c3-8324-de749b1b15dd", "isDeleted:":"true", "version":"1728138777838"}}
{"logTime": "1012/051417", "correlationVector":"CDc4tXOp2vIX6A7yBv4FdQ.162","action":"GetUpdates", "result":"DeleteReceived", "context":{"id":"d5199fe9-b452-4687-aef9-07df945b1ac8", "isDeleted:":"true", "version":"1728302787373"}}
{"logTime": "1012/051417", "correlationVector":"CDc4tXOp2vIX6A7yBv4FdQ.163","action":"GetUpdates", "result":"DeleteReceived", "context":{"id":"1e64e6d7-c042-443f-924b-1442101de64c", "isDeleted:":"true", "version":"1728302787374"}}
{"logTime": "1012/051417", "correlationVector":"CDc4tXOp2vIX6A7yBv4FdQ.164","action":"GetUpdates", "result":"DeleteReceived", "context":{"id":"68d763bd-9bfd-4fb0-b9ce-cf626d6396f7", "isDeleted:":"true", "version":"1728302787375"}}
{"logTime": "1012/051417", "correlationVector":"CDc4tXOp2vIX6A7yBv4FdQ.165","action":"GetUpdates", "result":"DeleteReceived", "context":{"id":"1b54233a-6e02-435b-b35d-e9ce1d664a15", "isDeleted:":"true", "version":"1728302787377"}}
{"logTime": "1012/051417", "correlationVector":"CDc4tXOp2vIX6A7yBv4FdQ.166","action":"GetUpdates", "result":"DeleteReceived", "context":{"id":"2d4fce48-0bb1-4984-95f6-0f863cb69b93", "isDeleted:":"true", "version":"1728302787378"}}
{"logTime": "1012/051417", "correlationVector":"CDc4tXOp2vIX6A7yBv4FdQ.167","action":"GetUpdates", "result":"DeleteReceived", "context":{"id":"c7c56eae-6e3b-4537-809f-1ba2e811220b", "isDeleted:":"true", "version":"1728302787379"}}
{"logTime": "1012/051417", "correlationVector":"CDc4tXOp2vIX6A7yBv4FdQ.168","action":"GetUpdates", "result":"DeleteReceived", "context":{"id":"f3406e66-a157-4e7c-aa20-4180805a4650", "isDeleted:":"true", "version":"1728309999395"}}
{"logTime": "1012/051417", "correlationVector":"CDc4tXOp2vIX6A7yBv4FdQ.169","action":"GetUpdates", "result":"DeleteReceived", "context":{"id":"2be346d9-f8f4-4768-aafe-d602296037a3", "isDeleted:":"true", "version":"1728310096936"}}
{"logTime": "1012/051417", "correlationVector":"CDc4tXOp2vIX6A7yBv4FdQ.170","action":"GetUpdates", "result":"DeleteReceived", "context":{"id":"4ee7e819-4c8a-46a1-be56-2529f93fb5a6", "isDeleted:":"true", "version":"1728310096937"}}
{"logTime": "1012/051417", "correlationVector":"CDc4tXOp2vIX6A7yBv4FdQ.171","action":"GetUpdates", "result":"DeleteReceived", "context":{"id":"018f8f35-d5d7-425f-957c-f2490085a0c8", "isDeleted:":"true", "version":"1728310096938"}}
{"logTime": "1012/051417", "correlationVector":"CDc4tXOp2vIX6A7yBv4FdQ.172","action":"GetUpdates", "result":"DeleteReceived", "context":{"id":"32720816-096d-40f3-8b17-76dea43bc3b1", "isDeleted:":"true", "version":"1728310096940"}}
{"logTime": "1012/051417", "correlationVector":"CDc4tXOp2vIX6A7yBv4FdQ.173","action":"GetUpdates", "result":"DeleteReceived", "context":{"id":"cd5faa35-6ead-4583-bf0a-f437b3be3c99", "isDeleted:":"true", "version":"1728310096941"}}
{"logTime": "1012/051417", "correlationVector":"CDc4tXOp2vIX6A7yBv4FdQ.174","action":"GetUpdates", "result":"DeleteReceived", "context":{"id":"6a80c92c-14d0-4f7e-8bb4-ccad45c11811", "isDeleted:":"true", "version":"1728392233555"}}
{"logTime": "1012/051417", "correlationVector":"CDc4tXOp2vIX6A7yBv4FdQ.175","action":"GetUpdates", "result":"DeleteReceived", "context":{"id":"018661cd-5636-4600-bc76-c90bca26b76f", "isDeleted:":"true", "version":"1728392233556"}}
{"logTime": "1012/051417", "correlationVector":"CDc4tXOp2vIX6A7yBv4FdQ.176","action":"GetUpdates", "result":"DeleteReceived", "context":{"id":"12ffe9b0-aa3c-497d-8c4f-9cbfc60a280a", "isDeleted:":"true", "version":"1728392415454"}}
{"logTime": "1012/051417", "correlationVector":"CDc4tXOp2vIX6A7yBv4FdQ.177","action":"GetUpdates", "result":"DeleteReceived", "context":{"id":"0972cb57-7ce5-4433-b747-ba6e970a9077", "isDeleted:":"true", "version":"1728395947850"}}
{"logTime": "1012/051417", "correlationVector":"CDc4tXOp2vIX6A7yBv4FdQ.178","action":"GetUpdates", "result":"DeleteReceived", "context":{"id":"ee463c45-9c46-4db5-aef1-3d809ce689de", "isDeleted:":"true", "version":"1728438029512"}}
{"logTime": "1012/051417", "correlationVector":"CDc4tXOp2vIX6A7yBv4FdQ.179","action":"GetUpdates", "result":"DeleteReceived", "context":{"id":"1384bec4-2689-403d-90b8-042dcc57b5d4", "isDeleted:":"true", "version":"1728471121299"}}
{"logTime": "1012/051417", "correlationVector":"CDc4tXOp2vIX6A7yBv4FdQ.180","action":"GetUpdates", "result":"DeleteReceived", "context":{"id":"ae5ca2ce-0b1d-42b7-ad61-c0d9b974b237", "isDeleted:":"true", "version":"1728471121300"}}
{"logTime": "1012/051417", "correlationVector":"CDc4tXOp2vIX6A7yBv4FdQ.181","action":"GetUpdates", "result":"DeleteReceived", "context":{"id":"d2c6d9f1-a829-493f-aa50-2e11a0800731", "isDeleted:":"true", "version":"1728471121301"}}
{"logTime": "1012/051417", "correlationVector":"CDc4tXOp2vIX6A7yBv4FdQ.182","action":"GetUpdates", "result":"DeleteReceived", "context":{"id":"b5b69a79-9be4-407f-aa6c-53838481ea2c", "isDeleted:":"true", "version":"1728471121302"}}
{"logTime": "1012/051417", "correlationVector":"CDc4tXOp2vIX6A7yBv4FdQ.183","action":"GetUpdates", "result":"DeleteReceived", "context":{"id":"ddc5cabc-a79f-4e35-a9bb-4f8f7c3ed21a", "isDeleted:":"true", "version":"1728471121304"}}
{"logTime": "1012/051417", "correlationVector":"CDc4tXOp2vIX6A7yBv4FdQ.184","action":"GetUpdates", "result":"DeleteReceived", "context":{"id":"6f58150e-f9c9-4f9d-b945-bbd6b96ada33", "isDeleted:":"true", "version":"1728471121305"}}
{"logTime": "1012/051417", "correlationVector":"CDc4tXOp2vIX6A7yBv4FdQ.185","action":"GetUpdates", "result":"DeleteReceived", "context":{"id":"4abbff99-ef94-49aa-a30c-c34734391e0c", "isDeleted:":"true", "version":"1728471121306"}}
{"logTime": "1012/051417", "correlationVector":"CDc4tXOp2vIX6A7yBv4FdQ.186","action":"GetUpdates", "result":"DeleteReceived", "context":{"id":"2b1e4483-01f9-4b08-848e-b0a1e01cbdd4", "isDeleted:":"true", "version":"1728471121307"}}
{"logTime": "1012/051417", "correlationVector":"CDc4tXOp2vIX6A7yBv4FdQ.187","action":"GetUpdates", "result":"DeleteReceived", "context":{"id":"3c48bb99-1b73-4864-9906-4e3614fae21e", "isDeleted:":"true", "version":"1728471121308"}}
{"logTime": "1012/051417", "correlationVector":"CDc4tXOp2vIX6A7yBv4FdQ.188","action":"GetUpdates", "result":"DeleteReceived", "context":{"id":"b2e74436-f6fb-4280-994a-5b1d70ac0f9c", "isDeleted:":"true", "version":"1728471121309"}}
{"logTime": "1012/051417", "correlationVector":"CDc4tXOp2vIX6A7yBv4FdQ.189","action":"GetUpdates", "result":"DeleteReceived", "context":{"id":"285b37f4-ee5d-43df-b703-61264abe263a", "isDeleted:":"true", "version":"1728471121310"}}
{"logTime": "1012/051417", "correlationVector":"CDc4tXOp2vIX6A7yBv4FdQ.190","action":"GetUpdates", "result":"DeleteReceived", "context":{"id":"3572593a-f60c-4f0c-9dc7-334bbb8f8946", "isDeleted:":"true", "version":"1728471121311"}}
{"logTime": "1012/051417", "correlationVector":"CDc4tXOp2vIX6A7yBv4FdQ.191","action":"GetUpdates", "result":"DeleteReceived", "context":{"id":"8cb5dda6-00c6-4569-9c37-e5491705cdb9", "isDeleted:":"true", "version":"1728471419682"}}
{"logTime": "1012/051417", "correlationVector":"CDc4tXOp2vIX6A7yBv4FdQ.192","action":"GetUpdates", "result":"DeleteReceived", "context":{"id":"9436cab8-a3f2-4140-8c07-328dfa3f7449", "isDeleted:":"true", "version":"1728472978850"}}
{"logTime": "1012/051417", "correlationVector":"CDc4tXOp2vIX6A7yBv4FdQ.193","action":"GetUpdates", "result":"DeleteReceived", "context":{"id":"a6724b7c-0e2b-40a2-9e94-2b81f70d6cc4", "isDeleted:":"true", "version":"1728472978851"}}
{"logTime": "1012/051417", "correlationVector":"CDc4tXOp2vIX6A7yBv4FdQ.194","action":"GetUpdates", "result":"DeleteReceived", "context":{"id":"73a33b1d-80b3-42f6-82a5-1fd8055fb39d", "isDeleted:":"true", "version":"1728137184421"}}
{"logTime": "1012/051417", "correlationVector":"CDc4tXOp2vIX6A7yBv4FdQ.195","action":"GetUpdates Response", "result":"Success", "context":Received 250 update(s). cV=CDc4tXOp2vIX6A7yBv4FdQ.0;server=GENERAL0300001A;cloudType=Consumer;environment=Prod_SoutheastAsia_000j;migrationStage=NotStarted Some updates remain.}
{"logTime": "1012/051417", "correlationVector":"jrx0w1LUHRCpptiuwsct3R","action":"Initial GetUpdates", "result":"", "context":Reason: NEWLY_SUPPORTED_DATATYPE. cV=jrx0w1LUHRCpptiuwsct3R}
{"logTime": "1012/051418", "correlationVector":"jrx0w1LUHRCpptiuwsct3R.1","action":"SyncServerConnectionManagerRequest", "result":"SYNC_SERVER_OK", "context":{"environment":"Prod_SoutheastAsia_000j", "migrationStage":"NotStarted", "server":"GENERAL0100001L"}}
{"logTime": "1012/051418", "correlationVector":"jrx0w1LUHRCpptiuwsct3R.2","action":"GetUpdates", "result":"DeleteReceived", "context":{"id":"6b7b0d6a-ba4d-436c-8090-dcc55c3d7331", "isDeleted:":"true", "version":"1728474283349"}}
{"logTime": "1012/051418", "correlationVector":"jrx0w1LUHRCpptiuwsct3R.3","action":"GetUpdates", "result":"DeleteReceived", "context":{"id":"89501d0b-5a90-43d4-b663-ae2b92b27994", "isDeleted:":"true", "version":"1728474283350"}}
{"logTime": "1012/051418", "correlationVector":"jrx0w1LUHRCpptiuwsct3R.4","action":"GetUpdates", "result":"DeleteReceived", "context":{"id":"fc4c4081-ba70-4582-9d98-7e4db5ed7c20", "isDeleted:":"true", "version":"1728474283353"}}
{"logTime": "1012/051418", "correlationVector":"jrx0w1LUHRCpptiuwsct3R.5","action":"GetUpdates", "result":"DeleteReceived", "context":{"id":"fbb61cee-b514-4781-bf29-0e430d77c2af", "isDeleted:":"true", "version":"1728477388370"}}
{"logTime": "1012/051418", "correlationVector":"jrx0w1LUHRCpptiuwsct3R.6","action":"GetUpdates", "result":"DeleteReceived", "context":{"id":"565740b8-885e-4983-8b40-f5aace8c54cd", "isDeleted:":"true", "version":"1728477388371"}}
{"logTime": "1012/051418", "correlationVector":"jrx0w1LUHRCpptiuwsct3R.7","action":"GetUpdates", "result":"DeleteReceived", "context":{"id":"68fa68ac-11d9-41ae-8491-2adb547ca39f", "isDeleted:":"true", "version":"1728477539833"}}
{"logTime": "1012/051418", "correlationVector":"jrx0w1LUHRCpptiuwsct3R.8","action":"GetUpdates", "result":"DeleteReceived", "context":{"id":"a5384092-796a-4841-a0bc-d0f38b9bbfd5", "isDeleted:":"true", "version":"1728480477341"}}
{"logTime": "1012/051418", "correlationVector":"jrx0w1LUHRCpptiuwsct3R.9","action":"GetUpdates", "result":"DeleteReceived", "context":{"id":"6c53d677-9c86-476a-a7ce-01ce81c53ae4", "isDeleted:":"true", "version":"1728480477345"}}
{"logTime": "1012/051418", "correlationVector":"jrx0w1LUHRCpptiuwsct3R.10","action":"GetUpdates", "result":"DeleteReceived", "context":{"id":"f4d0c77f-87e6-4065-96c2-f87b4335d2d4", "isDeleted:":"true", "version":"1728528554249"}}
{"logTime": "1012/051418", "correlationVector":"jrx0w1LUHRCpptiuwsct3R.11","action":"GetUpdates", "result":"DeleteReceived", "context":{"id":"71abf41f-9293-4d5b-8760-a30458203019", "isDeleted:":"true", "version":"1728528554250"}}
{"logTime": "1012/051418", "correlationVector":"jrx0w1LUHRCpptiuwsct3R.12","action":"GetUpdates", "result":"DeleteReceived", "context":{"id":"cc6d418d-fa29-4f2e-9e55-5667a7f6b991", "isDeleted:":"true", "version":"1728528554252"}}
{"logTime": "1012/051418", "correlationVector":"jrx0w1LUHRCpptiuwsct3R.13","action":"GetUpdates", "result":"DeleteReceived", "context":{"id":"911bb180-bb7e-4eb9-8a15-14d7f8428e02", "isDeleted:":"true", "version":"1728534063012"}}
{"logTime": "1012/051418", "correlationVector":"jrx0w1LUHRCpptiuwsct3R.14","action":"GetUpdates", "result":"DeleteReceived", "context":{"id":"a6213470-5402-410e-8e76-c76de26892db", "isDeleted:":"true", "version":"1728541467706"}}
{"logTime": "1012/051418", "correlationVector":"jrx0w1LUHRCpptiuwsct3R.15","action":"GetUpdates", "result":"DeleteReceived", "context":{"id":"c47716c1-bacb-42e9-944e-752027d4b341", "isDeleted:":"true", "version":"1728541467707"}}
{"logTime": "1012/051418", "correlationVector":"jrx0w1LUHRCpptiuwsct3R.16","action":"GetUpdates", "result":"DeleteReceived", "context":{"id":"e07e8c0e-985b-4991-8ce0-e7dc8480c7e5", "isDeleted:":"true", "version":"1728541467710"}}
{"logTime": "1012/051418", "correlationVector":"jrx0w1LUHRCpptiuwsct3R.17","action":"GetUpdates", "result":"DeleteReceived", "context":{"id":"e4304b77-1102-4443-a20b-8ee83afda6f4", "isDeleted:":"true", "version":"1728544373911"}}
{"logTime": "1012/051418", "correlationVector":"jrx0w1LUHRCpptiuwsct3R.18","action":"GetUpdates", "result":"DeleteReceived", "context":{"id":"bef8101a-3522-4417-922c-eaf7a9d62945", "isDeleted:":"true", "version":"1728548006987"}}
{"logTime": "1012/051418", "correlationVector":"jrx0w1LUHRCpptiuwsct3R.19","action":"GetUpdates", "result":"DeleteReceived", "context":{"id":"702be9c3-b072-4481-892b-b8bbe230c23b", "isDeleted:":"true", "version":"1728548079750"}}
{"logTime": "1012/051418", "correlationVector":"jrx0w1LUHRCpptiuwsct3R.20","action":"GetUpdates", "result":"DeleteReceived", "context":{"id":"70ae1bce-bcd3-474a-863f-907e0c8f02cc", "isDeleted:":"true", "version":"1728548119174"}}
{"logTime": "1012/051418", "correlationVector":"jrx0w1LUHRCpptiuwsct3R.21","action":"GetUpdates", "result":"DeleteReceived", "context":{"id":"37c1c1d1-e348-4d3e-ad8c-93fa346767de", "isDeleted:":"true", "version":"1728560762430"}}
{"logTime": "1012/051418", "correlationVector":"jrx0w1LUHRCpptiuwsct3R.22","action":"GetUpdates", "result":"DeleteReceived", "context":{"id":"6546b301-9ff4-4e98-9de7-2b5a3e4c16eb", "isDeleted:":"true", "version":"1728560762431"}}
{"logTime": "1012/051418", "correlationVector":"jrx0w1LUHRCpptiuwsct3R.23","action":"GetUpdates", "result":"DeleteReceived", "context":{"id":"ba057c7d-56b1-4bb1-bedd-6d793884d009", "isDeleted:":"true", "version":"1728560762432"}}
{"logTime": "1012/051418", "correlationVector":"jrx0w1LUHRCpptiuwsct3R.24","action":"GetUpdates", "result":"DeleteReceived", "context":{"id":"0caebb43-d4f7-4517-9809-ba454aed68e6", "isDeleted:":"true", "version":"1728560762433"}}
{"logTime": "1012/051418", "correlationVector":"jrx0w1LUHRCpptiuwsct3R.25","action":"GetUpdates", "result":"DeleteReceived", "context":{"id":"9d42273b-d3c0-4716-82a9-30bc9d3b31bf", "isDeleted:":"true", "version":"1728560762435"}}
{"logTime": "1012/051418", "correlationVector":"jrx0w1LUHRCpptiuwsct3R.26","action":"GetUpdates", "result":"DeleteReceived", "context":{"id":"0e0831d4-e40c-46f6-a81a-efa519778d76", "isDeleted:":"true", "version":"1728560762436"}}
{"logTime": "1012/051418", "correlationVector":"jrx0w1LUHRCpptiuwsct3R.27","action":"GetUpdates", "result":"DeleteReceived", "context":{"id":"fc55f978-88a2-41c9-a7c1-0238a69192c5", "isDeleted:":"true", "version":"1728560762437"}}
{"logTime": "1012/051418", "correlationVector":"jrx0w1LUHRCpptiuwsct3R.28","action":"GetUpdates", "result":"DeleteReceived", "context":{"id":"7759a2f0-281d-4395-87ac-cbc0790b182e", "isDeleted:":"true", "version":"1728560762438"}}
{"logTime": "1012/051418", "correlationVector":"jrx0w1LUHRCpptiuwsct3R.29","action":"GetUpdates", "result":"DeleteReceived", "context":{"id":"e0e22885-ff48-46f5-ba04-e3f09dadd116", "isDeleted:":"true", "version":"1728560762439"}}
{"logTime": "1012/051418", "correlationVector":"jrx0w1LUHRCpptiuwsct3R.30","action":"GetUpdates", "result":"DeleteReceived", "context":{"id":"c980786d-6cab-4127-9f7f-c49ada55f93d", "isDeleted:":"true", "version":"1728566051469"}}
{"logTime": "1012/051418", "correlationVector":"jrx0w1LUHRCpptiuwsct3R.31","action":"GetUpdates", "result":"DeleteReceived", "context":{"id":"b63ded13-89b9-4b86-9348-dcf24a0b8eeb", "isDeleted:":"true", "version":"1728566268133"}}
{"logTime": "1012/051418", "correlationVector":"jrx0w1LUHRCpptiuwsct3R.32","action":"GetUpdates", "result":"DeleteReceived", "context":{"id":"37d9fc66-87b5-4126-aac3-f28c9ed6d4a3", "isDeleted:":"true", "version":"1728567530309"}}
{"logTime": "1012/051418", "correlationVector":"jrx0w1LUHRCpptiuwsct3R.33","action":"GetUpdates", "result":"DeleteReceived", "context":{"id":"0d5c61e0-eb4f-4d9a-9cd8-a57d394db973", "isDeleted:":"true", "version":"1728567530310"}}
{"logTime": "1012/051418", "correlationVector":"jrx0w1LUHRCpptiuwsct3R.34","action":"GetUpdates", "result":"DeleteReceived", "context":{"id":"c3dc0c6d-e8af-4807-b8a6-c966e1d86a30", "isDeleted:":"true", "version":"1728567530312"}}
{"logTime": "1012/051418", "correlationVector":"jrx0w1LUHRCpptiuwsct3R.35","action":"GetUpdates", "result":"DeleteReceived", "context":{"id":"2daf6de1-f24d-4e57-90b2-b84870ee619b", "isDeleted:":"true", "version":"1728643130433"}}
{"logTime": "1012/051418", "correlationVector":"jrx0w1LUHRCpptiuwsct3R.36","action":"GetUpdates", "result":"DeleteReceived", "context":{"id":"89852f09-6ef8-4872-9075-52007b098223", "isDeleted:":"true", "version":"1728644825410"}}
{"logTime": "1012/051418", "correlationVector":"jrx0w1LUHRCpptiuwsct3R.37","action":"GetUpdates", "result":"DeleteReceived", "context":{"id":"8e6f4844-0cb8-4661-a400-d3e6277e0501", "isDeleted:":"true", "version":"1728644825413"}}
{"logTime": "1012/051418", "correlationVector":"jrx0w1LUHRCpptiuwsct3R.38","action":"GetUpdates", "result":"DeleteReceived", "context":{"id":"d8551077-fbe9-42ef-8429-348f5525c0d0", "isDeleted:":"true", "version":"1728707631462"}}
{"logTime": "1012/051418", "correlationVector":"jrx0w1LUHRCpptiuwsct3R.39","action":"GetUpdates", "result":"DeleteReceived", "context":{"id":"ce42e0a7-0a36-4ae9-95f7-9ad527237086", "isDeleted:":"true", "version":"1728708219133"}}
{"logTime": "1012/051418", "correlationVector":"jrx0w1LUHRCpptiuwsct3R.40","action":"GetUpdates", "result":"DeleteReceived", "context":{"id":"f0d17677-1832-415e-b09c-07ea3e07487a", "isDeleted:":"true", "version":"1728708470435"}}
{"logTime": "1012/051418", "correlationVector":"jrx0w1LUHRCpptiuwsct3R.41","action":"GetUpdates", "result":"DeleteReceived", "context":{"id":"a8b005b7-55aa-4598-b325-d28326e83281", "isDeleted:":"true", "version":"1728709456468"}}
{"logTime": "1012/051418", "correlationVector":"jrx0w1LUHRCpptiuwsct3R.42","action":"GetUpdates", "result":"DeleteReceived", "context":{"id":"f57241f8-8c9c-4c02-8bf0-46c28d472dc7", "isDeleted:":"true", "version":"1728709966193"}}
{"logTime": "1012/051418", "correlationVector":"jrx0w1LUHRCpptiuwsct3R.43","action":"GetUpdates Response", "result":"Success", "context":Received 91 update(s). cV=jrx0w1LUHRCpptiuwsct3R.0;server=GENERAL0100001L;cloudType=Consumer;environment=Prod_SoutheastAsia_000j;migrationStage=NotStarted}
{"logTime": "1012/051418", "correlationVector":"n70tK/7OSP/dHMAcUjI7pL","action":"Normal GetUpdate request", "result":"", "context":cV=n70tK/7OSP/dHMAcUjI7pL
Nudged types: Bookmarks, Preferences, Passwords, Sessions, Device Info, User Consents
Refresh requested types: Bookmarks, Preferences, Passwords, Autofill Profiles, Autofill, Typed URLs, Extensions, Sessions, Extension settings, History Delete Directives, Device Info, User Consents, Send Tab To Self, Web Apps, Collection, Edge E Drop, Edge Hub App Usage, Edge Tab Group, Edge Wallet, Encryption Keys}
{"logTime": "1012/051419", "correlationVector":"n70tK/7OSP/dHMAcUjI7pL.1","action":"SyncServerConnectionManagerRequest", "result":"SYNC_SERVER_OK", "context":{"environment":"Prod_SoutheastAsia_000j", "migrationStage":"NotStarted", "server":"GENERAL0300001Z"}}
{"logTime": "1012/051419", "correlationVector":"n70tK/7OSP/dHMAcUjI7pL.2","action":"GetUpdates Response", "result":"Success", "context":Received 0 update(s). cV=n70tK/7OSP/dHMAcUjI7pL.0;server=GENERAL0300001Z;cloudType=Consumer;environment=Prod_SoutheastAsia_000j;migrationStage=NotStarted}
{"logTime": "1012/051419", "correlationVector":"ZEGxHXLNoGY7+KIJYT1xPY","action":"Commit Request", "result":"", "context":Item count: 19
Contributing types: Bookmarks, Preferences, Passwords, Typed URLs, Sessions, Device Info, User Consents}
{"logTime": "1012/051421", "correlationVector":"ZEGxHXLNoGY7+KIJYT1xPY.1","action":"SyncServerConnectionManagerRequest", "result":"SYNC_SERVER_OK", "context":{"environment":"Prod_SoutheastAsia_000j", "migrationStage":"NotStarted", "server":"GENERAL03000007"}}
{"logTime": "1012/051421", "correlationVector":"ZEGxHXLNoGY7+KIJYT1xPY.2","action":"Commit Response", "result":"Success", "context":Result: Success. cV=ZEGxHXLNoGY7+KIJYT1xPY.0;server=GENERAL03000007;cloudType=Consumer;environment=Prod_SoutheastAsia_000j;migrationStage=NotStarted}
{"logTime": "1012/051421", "correlationVector":"JRN+5aFzK5ANO7gPqPP1pl","action":"Normal GetUpdate request", "result":"", "context":cV=JRN+5aFzK5ANO7gPqPP1pl
Nudged types: Preferences, Passwords, Typed URLs, Sessions, Device Info}
{"logTime": "1012/051423", "correlationVector":"JRN+5aFzK5ANO7gPqPP1pl.1","action":"SyncServerConnectionManagerRequest", "result":"SYNC_SERVER_OK", "context":{"environment":"Prod_SoutheastAsia_000j", "migrationStage":"NotStarted", "server":"GENERAL0300000D"}}
{"logTime": "1012/051423", "correlationVector":"JRN+5aFzK5ANO7gPqPP1pl.2","action":"GetUpdates Response", "result":"Success", "context":Received 17 update(s). cV=JRN+5aFzK5ANO7gPqPP1pl.0;server=GENERAL0300000D;cloudType=Consumer;environment=Prod_SoutheastAsia_000j;migrationStage=NotStarted}
{"logTime": "1012/051423", "correlationVector":"4csUMhkrzrz198aLQl560z","action":"DoCompareDataConsistency requsted types: ", "result":"Bookmarks, Preferences, Passwords, Typed URLs, Extensions, Extension settings, History Delete Directives, Send Tab To Self, Web Apps, Collection, Edge E Drop, Edge Tab Group, Edge Wallet, Encryption Keys"}
{"logTime": "1012/051423", "correlationVector":"4csUMhkrzrz198aLQl560z.0","action":"CompareDataConsistency result: ", "result":"Compare result: Encryption Keys is consistent. local entities count is: 1 local entities hash is: 2GRgHeJWr3z0fq2iDLUhUyNDkKo="}
{"logTime": "1012/051423", "correlationVector":"4csUMhkrzrz198aLQl560z.1","action":"CompareDataConsistency result: ", "result":"Compare result: Bookmarks is consistent. local entities count is: 13 local entities hash is: N2NK11tbAtZu5N2WBdsPPv9b+Y0="}
{"logTime": "1012/051423", "correlationVector":"4csUMhkrzrz198aLQl560z.2","action":"CompareDataConsistency result: ", "result":"Compare result: Preferences is consistent. local entities count is: 75 local entities hash is: FhebbIQE215X86Pn9xDVXR90k60="}
{"logTime": "1012/051423", "correlationVector":"4csUMhkrzrz198aLQl560z.3","action":"CompareDataConsistency result: ", "result":"Server did not send this Typed URLs local entities count is: 71 local entities hash is: KEWzrBxMXn0exG9Af3HDgTXV+hg="}
{"logTime": "1012/051423", "correlationVector":"4csUMhkrzrz198aLQl560z.4","action":"CompareDataConsistency result: ", "result":"Compare result: Extensions is consistent. local entities count is: 7 local entities hash is: XY9lH2gTHKWTklp7Y7TNubLb9No="}
{"logTime": "1012/051423", "correlationVector":"4csUMhkrzrz198aLQl560z.5","action":"CompareDataConsistency result: ", "result":"Compare result: Extension settings is consistent. local entities count is: 1 local entities hash is: bG9iPEukmh/JuBc5eEohcDzEvO0="}
{"logTime": "1012/051423", "correlationVector":"4csUMhkrzrz198aLQl560z.6","action":"CompareDataConsistency result: ", "result":"Compare result: History Delete Directives is consistent. local entities count is: 0 local entities hash is: "}
{"logTime": "1012/051423", "correlationVector":"4csUMhkrzrz198aLQl560z.7","action":"CompareDataConsistency result: ", "result":"Server did not send this Send Tab To Self local entities count is: 0 local entities hash is: "}
{"logTime": "1012/051423", "correlationVector":"4csUMhkrzrz198aLQl560z.8","action":"CompareDataConsistency result: ", "result":"Compare result: Web Apps is consistent. local entities count is: 0 local entities hash is: "}
{"logTime": "1012/051423", "correlationVector":"4csUMhkrzrz198aLQl560z.9","action":"CompareDataConsistency result: ", "result":"Compare result: Collection is consistent. local entities count is: 0 local entities hash is: "}
{"logTime": "1012/051423", "correlationVector":"4csUMhkrzrz198aLQl560z.10","action":"CompareDataConsistency result: ", "result":"Compare result: Edge E Drop is consistent. local entities count is: 0 local entities hash is: "}
{"logTime": "1012/051423", "correlationVector":"4csUMhkrzrz198aLQl560z.11","action":"CompareDataConsistency result: ", "result":"Compare result: Edge Tab Group is consistent. local entities count is: 1 local entities hash is: GYRWaowZc20nqvRaf7YXH+7N0t8="}
{"logTime": "1012/051423", "correlationVector":"4csUMhkrzrz198aLQl560z.12","action":"CompareDataConsistency result: ", "result":"Compare result: Edge Wallet is consistent. local entities count is: 0 local entities hash is: "}
{"logTime": "1012/051423", "correlationVector":"4csUMhkrzrz198aLQl560z.13","action":"CompareDataConsistency result: ", "result":"Compare result: Passwords is consistent. local entities count is: 97 local entities hash is: Z3+C5YGgta45iD56A7Aw+jOiZco="}
{"logTime": "1012/051423", "correlationVector":"","action":"DIAGNOSTIC_REQUEST|v1/diagnosticData/Diagnostic.SendCheckResult()|SUCCESS", "result":""}
{"logTime": "1012/051759", "correlationVector":"KVjyVabhP+pM0Ufozbvt/s","action":"Commit Request", "result":"", "context":Item count: 1
Contributing types: Sessions}
{"logTime": "1012/051800", "correlationVector":"KVjyVabhP+pM0Ufozbvt/s.1","action":"SyncServerConnectionManagerRequest", "result":"SYNC_SERVER_OK", "context":{"environment":"Prod_SoutheastAsia_000j", "migrationStage":"NotStarted", "server":"GENERAL0100001G"}}
{"logTime": "1012/051800", "correlationVector":"KVjyVabhP+pM0Ufozbvt/s.2","action":"Commit Response", "result":"Success", "context":Result: Success. cV=KVjyVabhP+pM0Ufozbvt/s.0;server=GENERAL0100001G;cloudType=Consumer;environment=Prod_SoutheastAsia_000j;migrationStage=NotStarted}
{"logTime": "1012/051907", "correlationVector":"nR3uk7gTv52wC2Vfdi6BuP","action":"Normal GetUpdate request", "result":"", "context":cV=nR3uk7gTv52wC2Vfdi6BuP
Refresh requested types: Bookmarks, Preferences, Passwords, Autofill Profiles, Autofill, Typed URLs, Extensions, Sessions, Extension settings, History Delete Directives, Device Info, User Consents, Send Tab To Self, Web Apps, Collection, Edge E Drop, Edge Hub App Usage, Edge Tab Group, Edge Wallet, Encryption Keys}
{"logTime": "1012/051907", "correlationVector":"nR3uk7gTv52wC2Vfdi6BuP.1","action":"SyncServerConnectionManagerRequest", "result":"SYNC_SERVER_OK", "context":{"environment":"Prod_SoutheastAsia_000j", "migrationStage":"NotStarted", "server":"GENERAL0300001V"}}
{"logTime": "1012/051907", "correlationVector":"nR3uk7gTv52wC2Vfdi6BuP.2","action":"GetUpdates", "result":"DeleteReceived", "context":{"id":"a0d5687f-ce39-4e3f-84bc-e1b5e5c662f6", "isDeleted:":"true", "version":"1728710015162"}}
{"logTime": "1012/051907", "correlationVector":"nR3uk7gTv52wC2Vfdi6BuP.3","action":"GetUpdates Response", "result":"Success", "context":Received 3 update(s). cV=nR3uk7gTv52wC2Vfdi6BuP.0;server=GENERAL0300001V;cloudType=Consumer;environment=Prod_SoutheastAsia_000j;migrationStage=NotStarted}
{"logTime": "1012/052024", "correlationVector":"yyiAUhytDn9rCrvGk7K7ev","action":"Commit Request", "result":"", "context":Item count: 1
Contributing types: Sessions}
{"logTime": "1012/052024", "correlationVector":"yyiAUhytDn9rCrvGk7K7ev.1","action":"SyncServerConnectionManagerRequest", "result":"SYNC_SERVER_OK", "context":{"environment":"Prod_SoutheastAsia_000j", "migrationStage":"NotStarted", "server":"GENERAL0300001Z"}}
{"logTime": "1012/052024", "correlationVector":"yyiAUhytDn9rCrvGk7K7ev.2","action":"Commit Response", "result":"Success", "context":Result: Success. cV=yyiAUhytDn9rCrvGk7K7ev.0;server=GENERAL0300001Z;cloudType=Consumer;environment=Prod_SoutheastAsia_000j;migrationStage=NotStarted}
{"logTime": "1012/052142", "correlationVector":"WQ82gV6mkIY3/HvTWl85d4.1","action":"SyncServerConnectionManagerRequest", "result":"SYNC_SERVER_OK", "context":{"environment":"Prod_SoutheastAsia_000j", "migrationStage":"NotStarted", "server":"GENERAL0100000Z"}}
{"logTime": "1012/052143", "correlationVector":"xsnkBtHdSLvBiI55DferyD","action":"SyncServerConnectionManagerRequest", "result":"SYNC_SERVER_OK", "context":{"environment":"", "migrationStage":"", "server":""}}
{"logTime": "1012/052143", "correlationVector":"WQ82gV6mkIY3/HvTWl85d4","action":"Initial GetUpdates", "result":"", "context":Reason: NEW_CLIENT. cV=WQ82gV6mkIY3/HvTWl85d4}
{"logTime": "1012/052143", "correlationVector":"WQ82gV6mkIY3/HvTWl85d4.2","action":"GetUpdates Response", "result":"Success", "context":Received 1 update(s). cV=WQ82gV6mkIY3/HvTWl85d4.0;server=GENERAL0100000Z;cloudType=Consumer;environment=Prod_SoutheastAsia_000j;migrationStage=NotStarted}
{"logTime": "1012/052143", "correlationVector":"fg89syBKSXxGy/86IKwFuP","action":"Initial GetUpdates", "result":"", "context":Reason: NEWLY_SUPPORTED_DATATYPE. cV=fg89syBKSXxGy/86IKwFuP}
{"logTime": "1012/052143", "correlationVector":"fg89syBKSXxGy/86IKwFuP.1","action":"SyncServerConnectionManagerRequest", "result":"SYNC_SERVER_OK", "context":{"environment":"Prod_SoutheastAsia_000j", "migrationStage":"NotStarted", "server":"GENERAL01000008"}}
{"logTime": "1012/052143", "correlationVector":"fg89syBKSXxGy/86IKwFuP.2","action":"GetUpdates", "result":"DeleteReceived", "context":{"id":"45c884ee-6165-43e9-91a1-b953ca68192a", "isDeleted:":"true", "version":"1698680766218"}}
{"logTime": "1012/052143", "correlationVector":"fg89syBKSXxGy/86IKwFuP.3","action":"GetUpdates", "result":"DeleteReceived", "context":{"id":"c39d3526-917b-4e8f-bf32-cfbfda22f281", "isDeleted:":"true", "version":"1704945815944"}}
{"logTime": "1012/052143", "correlationVector":"fg89syBKSXxGy/86IKwFuP.4","action":"GetUpdates Response", "result":"Success", "context":Received 99 update(s). cV=fg89syBKSXxGy/86IKwFuP.0;server=GENERAL01000008;cloudType=Consumer;environment=Prod_SoutheastAsia_000j;migrationStage=NotStarted}
{"logTime": "1012/052144", "correlationVector":"b1t0YKYnC5yNpVXfqHZfVc","action":"Normal GetUpdate request", "result":"", "context":cV=b1t0YKYnC5yNpVXfqHZfVc
Nudged types: Sessions
Refresh requested types: Bookmarks, Preferences, Passwords, Autofill Profiles, Autofill, Typed URLs, Extensions, Sessions, Extension settings, History Delete Directives, Device Info, User Consents, Send Tab To Self, Web Apps, Collection, Edge E Drop, Edge Hub App Usage, Edge Tab Group, Edge Wallet, Encryption Keys}
{"logTime": "1012/052144", "correlationVector":"b1t0YKYnC5yNpVXfqHZfVc.1","action":"SyncServerConnectionManagerRequest", "result":"SYNC_SERVER_OK", "context":{"environment":"Prod_SoutheastAsia_000j", "migrationStage":"NotStarted", "server":"GENERAL0300002J"}}
{"logTime": "1012/052144", "correlationVector":"b1t0YKYnC5yNpVXfqHZfVc.2","action":"GetUpdates Response", "result":"Success", "context":Received 1 update(s). cV=b1t0YKYnC5yNpVXfqHZfVc.0;server=GENERAL0300002J;cloudType=Consumer;environment=Prod_SoutheastAsia_000j;migrationStage=NotStarted}
{"logTime": "1012/052144", "correlationVector":"KqIqzzc6driy2tZE6KnsGk","action":"Commit Request", "result":"", "context":Item count: 3
Contributing types: Sessions}
{"logTime": "1012/052145", "correlationVector":"KqIqzzc6driy2tZE6KnsGk.1","action":"SyncServerConnectionManagerRequest", "result":"SYNC_SERVER_OK", "context":{"environment":"Prod_SoutheastAsia_000j", "migrationStage":"NotStarted", "server":"GENERAL0300001M"}}
{"logTime": "1012/052145", "correlationVector":"KqIqzzc6driy2tZE6KnsGk.2","action":"Commit Response", "result":"Success", "context":Result: Success. cV=KqIqzzc6driy2tZE6KnsGk.0;server=GENERAL0300001M;cloudType=Consumer;environment=Prod_SoutheastAsia_000j;migrationStage=NotStarted}
{"logTime": "1012/052215", "correlationVector":"1dRmoLNI2d1dGTHm8Y4A9/","action":"Normal GetUpdate request", "result":"", "context":cV=1dRmoLNI2d1dGTHm8Y4A9/
Nudged types: Sessions}
{"logTime": "1012/052215", "correlationVector":"1dRmoLNI2d1dGTHm8Y4A9/.1","action":"SyncServerConnectionManagerRequest", "result":"SYNC_SERVER_OK", "context":{"environment":"Prod_SoutheastAsia_000j", "migrationStage":"NotStarted", "server":"GENERAL0300000S"}}
{"logTime": "1012/052215", "correlationVector":"1dRmoLNI2d1dGTHm8Y4A9/.2","action":"GetUpdates Response", "result":"Success", "context":Received 3 update(s). cV=1dRmoLNI2d1dGTHm8Y4A9/.0;server=GENERAL0300000S;cloudType=Consumer;environment=Prod_SoutheastAsia_000j;migrationStage=NotStarted}
{"logTime": "1012/052215", "correlationVector":"C5t9fQs/gSVUYNsE5crPox","action":"Commit Request", "result":"", "context":Item count: 2
Contributing types: Sessions}
{"logTime": "1012/052215", "correlationVector":"C5t9fQs/gSVUYNsE5crPox.1","action":"SyncServerConnectionManagerRequest", "result":"SYNC_SERVER_OK", "context":{"environment":"Prod_SoutheastAsia_000j", "migrationStage":"NotStarted", "server":"GENERAL0300002T"}}
{"logTime": "1012/052215", "correlationVector":"C5t9fQs/gSVUYNsE5crPox.2","action":"Commit Response", "result":"Success", "context":Result: Success. cV=C5t9fQs/gSVUYNsE5crPox.0;server=GENERAL0300002T;cloudType=Consumer;environment=Prod_SoutheastAsia_000j;migrationStage=NotStarted}
{"logTime": "1012/052215", "correlationVector":"C5t9fQs/gSVUYNsE5crPox.3","action":"Commit.Sessions", "result":"Success", "context":{"id":"d5df00b8-f624-4512-ac9c-dd7a8cfcadc6", "isDeleted":"true", "size":"0", "version":"1728710458025"}}
{"logTime": "1012/052242", "correlationVector":"LjRZ1q5/MWuF7bgCiVZSbD","action":"Commit Request", "result":"", "context":Item count: 1
Contributing types: Preferences}
{"logTime": "1012/052243", "correlationVector":"LjRZ1q5/MWuF7bgCiVZSbD.1","action":"SyncServerConnectionManagerRequest", "result":"SYNC_SERVER_OK", "context":{"environment":"Prod_SoutheastAsia_000j", "migrationStage":"NotStarted", "server":"GENERAL0100000Z"}}
{"logTime": "1012/052243", "correlationVector":"LjRZ1q5/MWuF7bgCiVZSbD.2","action":"Commit Response", "result":"Success", "context":Result: Success. cV=LjRZ1q5/MWuF7bgCiVZSbD.0;server=GENERAL0100000Z;cloudType=Consumer;environment=Prod_SoutheastAsia_000j;migrationStage=NotStarted}
